{"numFailedTestSuites":1,"numFailedTests":1,"numPassedTestSuites":0,"numPassedTests":0,"numPendingTestSuites":0,"numPendingTests":76,"numRuntimeErrorTestSuites":0,"numTodoTests":0,"numTotalTestSuites":1,"numTotalTests":77,"openHandles":[],"snapshot":{"added":0,"didUpdate":false,"failure":false,"filesAdded":0,"filesRemoved":0,"filesRemovedList":[],"filesUnmatched":0,"filesUpdated":0,"matched":0,"total":0,"unchecked":0,"uncheckedKeysByFile":[],"unmatched":0,"updated":0},"startTime":1773717296955,"success":false,"testResults":[{"assertionResults":[{"ancestorTitles":["JSON to BPMN XML - Validation","validateBpmnJson"],"duration":null,"failureDetails":[],"failureMessages":[],"fullName":"JSON to BPMN XML - Validation validateBpmnJson should validate a correct simple process","invocations":1,"location":null,"numPassingAsserts":0,"retryReasons":[],"status":"pending","title":"should validate a correct simple process"},{"ancestorTitles":["JSON to BPMN XML - Validation","validateBpmnJson"],"duration":null,"failureDetails":[],"failureMessages":[],"fullName":"JSON to BPMN XML - Validation validateBpmnJson should validate a process with gateway","invocations":1,"location":null,"numPassingAsserts":0,"retryReasons":[],"status":"pending","title":"should validate a process with gateway"},{"ancestorTitles":["JSON to BPMN XML - Validation","validateBpmnJson"],"duration":null,"failureDetails":[],"failureMessages":[],"fullName":"JSON to BPMN XML - Validation validateBpmnJson should validate the purchase process example","invocations":1,"location":null,"numPassingAsserts":0,"retryReasons":[],"status":"pending","title":"should validate the purchase process example"},{"ancestorTitles":["JSON to BPMN XML - Validation","validateBpmnJson"],"duration":null,"failureDetails":[],"failureMessages":[],"fullName":"JSON to BPMN XML - Validation validateBpmnJson should reject null input","invocations":1,"location":null,"numPassingAsserts":0,"retryReasons":[],"status":"pending","title":"should reject null input"},{"ancestorTitles":["JSON to BPMN XML - Validation","validateBpmnJson"],"duration":null,"failureDetails":[],"failureMessages":[],"fullName":"JSON to BPMN XML - Validation validateBpmnJson should reject undefined input","invocations":1,"location":null,"numPassingAsserts":0,"retryReasons":[],"status":"pending","title":"should reject undefined input"},{"ancestorTitles":["JSON to BPMN XML - Validation","validateBpmnJson"],"duration":null,"failureDetails":[],"failureMessages":[],"fullName":"JSON to BPMN XML - Validation validateBpmnJson should reject non-object input","invocations":1,"location":null,"numPassingAsserts":0,"retryReasons":[],"status":"pending","title":"should reject non-object input"},{"ancestorTitles":["JSON to BPMN XML - Validation","validateBpmnJson"],"duration":null,"failureDetails":[],"failureMessages":[],"fullName":"JSON to BPMN XML - Validation validateBpmnJson should reject missing bpmn property","invocations":1,"location":null,"numPassingAsserts":0,"retryReasons":[],"status":"pending","title":"should reject missing bpmn property"},{"ancestorTitles":["JSON to BPMN XML - Validation","validateBpmnJson"],"duration":null,"failureDetails":[],"failureMessages":[],"fullName":"JSON to BPMN XML - Validation validateBpmnJson should reject missing nodes array","invocations":1,"location":null,"numPassingAsserts":0,"retryReasons":[],"status":"pending","title":"should reject missing nodes array"},{"ancestorTitles":["JSON to BPMN XML - Validation","validateBpmnJson"],"duration":null,"failureDetails":[],"failureMessages":[],"fullName":"JSON to BPMN XML - Validation validateBpmnJson should reject missing flows array","invocations":1,"location":null,"numPassingAsserts":0,"retryReasons":[],"status":"pending","title":"should reject missing flows array"},{"ancestorTitles":["JSON to BPMN XML - Validation","validateBpmnJson"],"duration":null,"failureDetails":[],"failureMessages":[],"fullName":"JSON to BPMN XML - Validation validateBpmnJson should reject nodes without id","invocations":1,"location":null,"numPassingAsserts":0,"retryReasons":[],"status":"pending","title":"should reject nodes without id"},{"ancestorTitles":["JSON to BPMN XML - Validation","validateBpmnJson"],"duration":null,"failureDetails":[],"failureMessages":[],"fullName":"JSON to BPMN XML - Validation validateBpmnJson should reject duplicate node ids","invocations":1,"location":null,"numPassingAsserts":0,"retryReasons":[],"status":"pending","title":"should reject duplicate node ids"},{"ancestorTitles":["JSON to BPMN XML - Validation","validateBpmnJson"],"duration":null,"failureDetails":[],"failureMessages":[],"fullName":"JSON to BPMN XML - Validation validateBpmnJson should reject nodes without type","invocations":1,"location":null,"numPassingAsserts":0,"retryReasons":[],"status":"pending","title":"should reject nodes without type"},{"ancestorTitles":["JSON to BPMN XML - Validation","validateBpmnJson"],"duration":null,"failureDetails":[],"failureMessages":[],"fullName":"JSON to BPMN XML - Validation validateBpmnJson should reject flows referencing non-existent source","invocations":1,"location":null,"numPassingAsserts":0,"retryReasons":[],"status":"pending","title":"should reject flows referencing non-existent source"},{"ancestorTitles":["JSON to BPMN XML - Validation","validateBpmnJson"],"duration":null,"failureDetails":[],"failureMessages":[],"fullName":"JSON to BPMN XML - Validation validateBpmnJson should reject flows referencing non-existent target","invocations":1,"location":null,"numPassingAsserts":0,"retryReasons":[],"status":"pending","title":"should reject flows referencing non-existent target"},{"ancestorTitles":["JSON to BPMN XML - Validation","validateBpmnJson"],"duration":null,"failureDetails":[],"failureMessages":[],"fullName":"JSON to BPMN XML - Validation validateBpmnJson should reject process without StartEvent","invocations":1,"location":null,"numPassingAsserts":0,"retryReasons":[],"status":"pending","title":"should reject process without StartEvent"},{"ancestorTitles":["JSON to BPMN XML - Validation","validateBpmnJson"],"duration":null,"failureDetails":[],"failureMessages":[],"fullName":"JSON to BPMN XML - Validation validateBpmnJson should reject process without EndEvent","invocations":1,"location":null,"numPassingAsserts":0,"retryReasons":[],"status":"pending","title":"should reject process without EndEvent"},{"ancestorTitles":["JSON to BPMN XML - XML Generation","jsonToBpmnXml"],"duration":null,"failureDetails":[],"failureMessages":[],"fullName":"JSON to BPMN XML - XML Generation jsonToBpmnXml should generate valid XML declaration","invocations":1,"location":null,"numPassingAsserts":0,"retryReasons":[],"status":"pending","title":"should generate valid XML declaration"},{"ancestorTitles":["JSON to BPMN XML - XML Generation","jsonToBpmnXml"],"duration":null,"failureDetails":[],"failureMessages":[],"fullName":"JSON to BPMN XML - XML Generation jsonToBpmnXml should include BPMN definitions with correct namespaces","invocations":1,"location":null,"numPassingAsserts":0,"retryReasons":[],"status":"pending","title":"should include BPMN definitions with correct namespaces"},{"ancestorTitles":["JSON to BPMN XML - XML Generation","jsonToBpmnXml"],"duration":null,"failureDetails":[],"failureMessages":[],"fullName":"JSON to BPMN XML - XML Generation jsonToBpmnXml should include process element","invocations":1,"location":null,"numPassingAsserts":0,"retryReasons":[],"status":"pending","title":"should include process element"},{"ancestorTitles":["JSON to BPMN XML - XML Generation","jsonToBpmnXml"],"duration":null,"failureDetails":[],"failureMessages":[],"fullName":"JSON to BPMN XML - XML Generation jsonToBpmnXml should generate StartEvent element","invocations":1,"location":null,"numPassingAsserts":0,"retryReasons":[],"status":"pending","title":"should generate StartEvent element"},{"ancestorTitles":["JSON to BPMN XML - XML Generation","jsonToBpmnXml"],"duration":null,"failureDetails":[],"failureMessages":[],"fullName":"JSON to BPMN XML - XML Generation jsonToBpmnXml should generate EndEvent element","invocations":1,"location":null,"numPassingAsserts":0,"retryReasons":[],"status":"pending","title":"should generate EndEvent element"},{"ancestorTitles":["JSON to BPMN XML - XML Generation","jsonToBpmnXml"],"duration":null,"failureDetails":[],"failureMessages":[],"fullName":"JSON to BPMN XML - XML Generation jsonToBpmnXml should generate Task element","invocations":1,"location":null,"numPassingAsserts":0,"retryReasons":[],"status":"pending","title":"should generate Task element"},{"ancestorTitles":["JSON to BPMN XML - XML Generation","jsonToBpmnXml"],"duration":null,"failureDetails":[],"failureMessages":[],"fullName":"JSON to BPMN XML - XML Generation jsonToBpmnXml should generate UserTask element","invocations":1,"location":null,"numPassingAsserts":0,"retryReasons":[],"status":"pending","title":"should generate UserTask element"},{"ancestorTitles":["JSON to BPMN XML - XML Generation","jsonToBpmnXml"],"duration":null,"failureDetails":[],"failureMessages":[],"fullName":"JSON to BPMN XML - XML Generation jsonToBpmnXml should generate ExclusiveGateway element","invocations":1,"location":null,"numPassingAsserts":0,"retryReasons":[],"status":"pending","title":"should generate ExclusiveGateway element"},{"ancestorTitles":["JSON to BPMN XML - XML Generation","jsonToBpmnXml"],"duration":null,"failureDetails":[],"failureMessages":[],"fullName":"JSON to BPMN XML - XML Generation jsonToBpmnXml should generate SequenceFlow elements","invocations":1,"location":null,"numPassingAsserts":0,"retryReasons":[],"status":"pending","title":"should generate SequenceFlow elements"},{"ancestorTitles":["JSON to BPMN XML - XML Generation","jsonToBpmnXml"],"duration":null,"failureDetails":[],"failureMessages":[],"fullName":"JSON to BPMN XML - XML Generation jsonToBpmnXml should generate conditional flows with condition expression","invocations":1,"location":null,"numPassingAsserts":0,"retryReasons":[],"status":"pending","title":"should generate conditional flows with condition expression"},{"ancestorTitles":["JSON to BPMN XML - XML Generation","jsonToBpmnXml"],"duration":null,"failureDetails":[],"failureMessages":[],"fullName":"JSON to BPMN XML - XML Generation jsonToBpmnXml should generate incoming/outgoing references","invocations":1,"location":null,"numPassingAsserts":0,"retryReasons":[],"status":"pending","title":"should generate incoming/outgoing references"},{"ancestorTitles":["JSON to BPMN XML - XML Generation","jsonToBpmnXml"],"duration":null,"failureDetails":[],"failureMessages":[],"fullName":"JSON to BPMN XML - XML Generation jsonToBpmnXml should generate BPMNDiagram section","invocations":1,"location":null,"numPassingAsserts":0,"retryReasons":[],"status":"pending","title":"should generate BPMNDiagram section"},{"ancestorTitles":["JSON to BPMN XML - XML Generation","jsonToBpmnXml"],"duration":null,"failureDetails":[],"failureMessages":[],"fullName":"JSON to BPMN XML - XML Generation jsonToBpmnXml should generate BPMNPlane section","invocations":1,"location":null,"numPassingAsserts":0,"retryReasons":[],"status":"pending","title":"should generate BPMNPlane section"},{"ancestorTitles":["JSON to BPMN XML - XML Generation","jsonToBpmnXml"],"duration":null,"failureDetails":[],"failureMessages":[],"fullName":"JSON to BPMN XML - XML Generation jsonToBpmnXml should generate BPMNShape for each node","invocations":1,"location":null,"numPassingAsserts":0,"retryReasons":[],"status":"pending","title":"should generate BPMNShape for each node"},{"ancestorTitles":["JSON to BPMN XML - XML Generation","jsonToBpmnXml"],"duration":null,"failureDetails":[],"failureMessages":[],"fullName":"JSON to BPMN XML - XML Generation jsonToBpmnXml should generate dc:Bounds for shapes","invocations":1,"location":null,"numPassingAsserts":0,"retryReasons":[],"status":"pending","title":"should generate dc:Bounds for shapes"},{"ancestorTitles":["JSON to BPMN XML - XML Generation","jsonToBpmnXml"],"duration":null,"failureDetails":[],"failureMessages":[],"fullName":"JSON to BPMN XML - XML Generation jsonToBpmnXml should generate BPMNEdge for each flow","invocations":1,"location":null,"numPassingAsserts":0,"retryReasons":[],"status":"pending","title":"should generate BPMNEdge for each flow"},{"ancestorTitles":["JSON to BPMN XML - XML Generation","jsonToBpmnXml"],"duration":null,"failureDetails":[],"failureMessages":[],"fullName":"JSON to BPMN XML - XML Generation jsonToBpmnXml should generate di:waypoint for edges","invocations":1,"location":null,"numPassingAsserts":0,"retryReasons":[],"status":"pending","title":"should generate di:waypoint for edges"},{"ancestorTitles":["JSON to BPMN XML - XML Generation","jsonToBpmnXml"],"duration":null,"failureDetails":[],"failureMessages":[],"fullName":"JSON to BPMN XML - XML Generation jsonToBpmnXml should escape special XML characters in names","invocations":1,"location":null,"numPassingAsserts":0,"retryReasons":[],"status":"pending","title":"should escape special XML characters in names"},{"ancestorTitles":["JSON to BPMN XML - XML Generation","jsonToBpmnXml"],"duration":null,"failureDetails":[],"failureMessages":[],"fullName":"JSON to BPMN XML - XML Generation jsonToBpmnXml should handle nodes without names","invocations":1,"location":null,"numPassingAsserts":0,"retryReasons":[],"status":"pending","title":"should handle nodes without names"},{"ancestorTitles":["JSON to BPMN XML - convertJsonToBpmn"],"duration":null,"failureDetails":[],"failureMessages":[],"fullName":"JSON to BPMN XML - convertJsonToBpmn should return success with valid data","invocations":1,"location":null,"numPassingAsserts":0,"retryReasons":[],"status":"pending","title":"should return success with valid data"},{"ancestorTitles":["JSON to BPMN XML - convertJsonToBpmn"],"duration":null,"failureDetails":[],"failureMessages":[],"fullName":"JSON to BPMN XML - convertJsonToBpmn should return failure with invalid data","invocations":1,"location":null,"numPassingAsserts":0,"retryReasons":[],"status":"pending","title":"should return failure with invalid data"},{"ancestorTitles":["JSON to BPMN XML - convertJsonToBpmn"],"duration":null,"failureDetails":[],"failureMessages":[],"fullName":"JSON to BPMN XML - convertJsonToBpmn should handle the full purchase process example","invocations":1,"location":null,"numPassingAsserts":0,"retryReasons":[],"status":"pending","title":"should handle the full purchase process example"},{"ancestorTitles":["JSON to BPMN XML - Node Type Mapping"],"duration":null,"failureDetails":[],"failureMessages":[],"fullName":"JSON to BPMN XML - Node Type Mapping should map StartEvent correctly","invocations":1,"location":null,"numPassingAsserts":0,"retryReasons":[],"status":"pending","title":"should map StartEvent correctly"},{"ancestorTitles":["JSON to BPMN XML - Node Type Mapping"],"duration":null,"failureDetails":[],"failureMessages":[],"fullName":"JSON to BPMN XML - Node Type Mapping should map EndEvent correctly","invocations":1,"location":null,"numPassingAsserts":0,"retryReasons":[],"status":"pending","title":"should map EndEvent correctly"},{"ancestorTitles":["JSON to BPMN XML - Node Type Mapping"],"duration":null,"failureDetails":[],"failureMessages":[],"fullName":"JSON to BPMN XML - Node Type Mapping should map Task correctly","invocations":1,"location":null,"numPassingAsserts":0,"retryReasons":[],"status":"pending","title":"should map Task correctly"},{"ancestorTitles":["JSON to BPMN XML - Node Type Mapping"],"duration":null,"failureDetails":[],"failureMessages":[],"fullName":"JSON to BPMN XML - Node Type Mapping should map UserTask correctly","invocations":1,"location":null,"numPassingAsserts":0,"retryReasons":[],"status":"pending","title":"should map UserTask correctly"},{"ancestorTitles":["JSON to BPMN XML - Node Type Mapping"],"duration":null,"failureDetails":[],"failureMessages":[],"fullName":"JSON to BPMN XML - Node Type Mapping should map ServiceTask correctly","invocations":1,"location":null,"numPassingAsserts":0,"retryReasons":[],"status":"pending","title":"should map ServiceTask correctly"},{"ancestorTitles":["JSON to BPMN XML - Node Type Mapping"],"duration":null,"failureDetails":[],"failureMessages":[],"fullName":"JSON to BPMN XML - Node Type Mapping should map ManualTask correctly","invocations":1,"location":null,"numPassingAsserts":0,"retryReasons":[],"status":"pending","title":"should map ManualTask correctly"},{"ancestorTitles":["JSON to BPMN XML - Node Type Mapping"],"duration":null,"failureDetails":[],"failureMessages":[],"fullName":"JSON to BPMN XML - Node Type Mapping should map SendTask correctly","invocations":1,"location":null,"numPassingAsserts":0,"retryReasons":[],"status":"pending","title":"should map SendTask correctly"},{"ancestorTitles":["JSON to BPMN XML - Node Type Mapping"],"duration":null,"failureDetails":[],"failureMessages":[],"fullName":"JSON to BPMN XML - Node Type Mapping should map ReceiveTask correctly","invocations":1,"location":null,"numPassingAsserts":0,"retryReasons":[],"status":"pending","title":"should map ReceiveTask correctly"},{"ancestorTitles":["JSON to BPMN XML - Node Type Mapping"],"duration":null,"failureDetails":[],"failureMessages":[],"fullName":"JSON to BPMN XML - Node Type Mapping should map ScriptTask correctly","invocations":1,"location":null,"numPassingAsserts":0,"retryReasons":[],"status":"pending","title":"should map ScriptTask correctly"},{"ancestorTitles":["JSON to BPMN XML - Node Type Mapping"],"duration":null,"failureDetails":[],"failureMessages":[],"fullName":"JSON to BPMN XML - Node Type Mapping should map BusinessRuleTask correctly","invocations":1,"location":null,"numPassingAsserts":0,"retryReasons":[],"status":"pending","title":"should map BusinessRuleTask correctly"},{"ancestorTitles":["JSON to BPMN XML - Node Type Mapping"],"duration":null,"failureDetails":[],"failureMessages":[],"fullName":"JSON to BPMN XML - Node Type Mapping should map ExclusiveGateway correctly","invocations":1,"location":null,"numPassingAsserts":0,"retryReasons":[],"status":"pending","title":"should map ExclusiveGateway correctly"},{"ancestorTitles":["JSON to BPMN XML - Node Type Mapping"],"duration":null,"failureDetails":[],"failureMessages":[],"fullName":"JSON to BPMN XML - Node Type Mapping should map ParallelGateway correctly","invocations":1,"location":null,"numPassingAsserts":0,"retryReasons":[],"status":"pending","title":"should map ParallelGateway correctly"},{"ancestorTitles":["JSON to BPMN XML - Node Type Mapping"],"duration":null,"failureDetails":[],"failureMessages":[],"fullName":"JSON to BPMN XML - Node Type Mapping should map InclusiveGateway correctly","invocations":1,"location":null,"numPassingAsserts":0,"retryReasons":[],"status":"pending","title":"should map InclusiveGateway correctly"},{"ancestorTitles":["JSON to BPMN XML - Node Type Mapping"],"duration":null,"failureDetails":[],"failureMessages":[],"fullName":"JSON to BPMN XML - Node Type Mapping should map SubProcess correctly","invocations":1,"location":null,"numPassingAsserts":0,"retryReasons":[],"status":"pending","title":"should map SubProcess correctly"},{"ancestorTitles":["JSON to BPMN XML - Layout"],"duration":null,"failureDetails":[],"failureMessages":[],"fullName":"JSON to BPMN XML - Layout should assign different x positions for sequential nodes","invocations":1,"location":null,"numPassingAsserts":0,"retryReasons":[],"status":"pending","title":"should assign different x positions for sequential nodes"},{"ancestorTitles":["JSON to BPMN XML - Layout"],"duration":null,"failureDetails":[],"failureMessages":[],"fullName":"JSON to BPMN XML - Layout should generate waypoints for all flows","invocations":1,"location":null,"numPassingAsserts":0,"retryReasons":[],"status":"pending","title":"should generate waypoints for all flows"},{"ancestorTitles":["JSON to BPMN XML - Edge Cases"],"duration":null,"failureDetails":[],"failureMessages":[],"fullName":"JSON to BPMN XML - Edge Cases should handle single-node process (just start and end)","invocations":1,"location":null,"numPassingAsserts":0,"retryReasons":[],"status":"pending","title":"should handle single-node process (just start and end)"},{"ancestorTitles":["JSON to BPMN XML - Edge Cases"],"duration":null,"failureDetails":[],"failureMessages":[],"fullName":"JSON to BPMN XML - Edge Cases should handle parallel gateway with multiple branches","invocations":1,"location":null,"numPassingAsserts":0,"retryReasons":[],"status":"pending","title":"should handle parallel gateway with multiple branches"},{"ancestorTitles":["JSON to BPMN XML - Edge Cases"],"duration":null,"failureDetails":[],"failureMessages":[],"fullName":"JSON to BPMN XML - Edge Cases should handle long process names with unicode","invocations":1,"location":null,"numPassingAsserts":0,"retryReasons":[],"status":"pending","title":"should handle long process names with unicode"},{"ancestorTitles":["JSON to BPMN XML - Activity Generation","generateActivities"],"duration":null,"failureDetails":[],"failureMessages":[],"fullName":"JSON to BPMN XML - Activity Generation generateActivities should generate activities for all nodes","invocations":1,"location":null,"numPassingAsserts":0,"retryReasons":[],"status":"pending","title":"should generate activities for all nodes"},{"ancestorTitles":["JSON to BPMN XML - Activity Generation","generateActivities"],"duration":null,"failureDetails":[],"failureMessages":[],"fullName":"JSON to BPMN XML - Activity Generation generateActivities should assign correct BPMN types","invocations":1,"location":null,"numPassingAsserts":0,"retryReasons":[],"status":"pending","title":"should assign correct BPMN types"},{"ancestorTitles":["JSON to BPMN XML - Activity Generation","generateActivities"],"duration":null,"failureDetails":[],"failureMessages":[],"fullName":"JSON to BPMN XML - Activity Generation generateActivities should assign keyword from mapping","invocations":1,"location":null,"numPassingAsserts":0,"retryReasons":[],"status":"pending","title":"should assign keyword from mapping"},{"ancestorTitles":["JSON to BPMN XML - Activity Generation","generateActivities"],"duration":null,"failureDetails":[],"failureMessages":[],"fullName":"JSON to BPMN XML - Activity Generation generateActivities should build properties from mapping","invocations":1,"location":null,"numPassingAsserts":0,"retryReasons":[],"status":"pending","title":"should build properties from mapping"},{"ancestorTitles":["JSON to BPMN XML - Activity Generation","generateActivities"],"duration":null,"failureDetails":[],"failureMessages":[],"fullName":"JSON to BPMN XML - Activity Generation generateActivities should convert input_bindings to arguments","invocations":1,"location":null,"numPassingAsserts":0,"retryReasons":[],"status":"pending","title":"should convert input_bindings to arguments"},{"ancestorTitles":["JSON to BPMN XML - Activity Generation","generateActivities"],"duration":null,"failureDetails":[],"failureMessages":[],"fullName":"JSON to BPMN XML - Activity Generation generateActivities should generate activities for conditional flows","invocations":1,"location":null,"numPassingAsserts":0,"retryReasons":[],"status":"pending","title":"should generate activities for conditional flows"},{"ancestorTitles":["JSON to BPMN XML - Activity Generation","generateActivities"],"duration":null,"failureDetails":[],"failureMessages":[],"fullName":"JSON to BPMN XML - Activity Generation generateActivities should handle nodes without mapping","invocations":1,"location":null,"numPassingAsserts":0,"retryReasons":[],"status":"pending","title":"should handle nodes without mapping"},{"ancestorTitles":["JSON to BPMN XML - convertJsonToProcess"],"duration":null,"failureDetails":[],"failureMessages":[],"fullName":"JSON to BPMN XML - convertJsonToProcess should return success with all data","invocations":1,"location":null,"numPassingAsserts":0,"retryReasons":[],"status":"pending","title":"should return success with all data"},{"ancestorTitles":["JSON to BPMN XML - convertJsonToProcess"],"duration":null,"failureDetails":[],"failureMessages":[],"fullName":"JSON to BPMN XML - convertJsonToProcess should return valid XML","invocations":1,"location":null,"numPassingAsserts":0,"retryReasons":[],"status":"pending","title":"should return valid XML"},{"ancestorTitles":["JSON to BPMN XML - convertJsonToProcess"],"duration":null,"failureDetails":[],"failureMessages":[],"fullName":"JSON to BPMN XML - convertJsonToProcess should return activities with correct count","invocations":1,"location":null,"numPassingAsserts":0,"retryReasons":[],"status":"pending","title":"should return activities with correct count"},{"ancestorTitles":["JSON to BPMN XML - convertJsonToProcess"],"duration":null,"failureDetails":[],"failureMessages":[],"fullName":"JSON to BPMN XML - convertJsonToProcess should return activities with mapped keywords","invocations":1,"location":null,"numPassingAsserts":0,"retryReasons":[],"status":"pending","title":"should return activities with mapped keywords"},{"ancestorTitles":["JSON to BPMN XML - convertJsonToProcess"],"duration":null,"failureDetails":[],"failureMessages":[],"fullName":"JSON to BPMN XML - convertJsonToProcess should return empty variables array (placeholder)","invocations":1,"location":null,"numPassingAsserts":0,"retryReasons":[],"status":"pending","title":"should return empty variables array (placeholder)"},{"ancestorTitles":["JSON to BPMN XML - convertJsonToProcess"],"duration":null,"failureDetails":[],"failureMessages":[],"fullName":"JSON to BPMN XML - convertJsonToProcess should return errors for invalid data","invocations":1,"location":null,"numPassingAsserts":0,"retryReasons":[],"status":"pending","title":"should return errors for invalid data"},{"ancestorTitles":["JSON to BPMN XML - convertJsonToProcess"],"duration":null,"failureDetails":[],"failureMessages":[],"fullName":"JSON to BPMN XML - convertJsonToProcess should accept layout options","invocations":1,"location":null,"numPassingAsserts":0,"retryReasons":[],"status":"pending","title":"should accept layout options"},{"ancestorTitles":["JSON to BPMN XML - Improved Layout (No Overlap)"],"duration":null,"failureDetails":[],"failureMessages":[],"fullName":"JSON to BPMN XML - Improved Layout (No Overlap) should position branch nodes at different Y levels","invocations":1,"location":null,"numPassingAsserts":0,"retryReasons":[],"status":"pending","title":"should position branch nodes at different Y levels"},{"ancestorTitles":["JSON to BPMN XML - Improved Layout (No Overlap)"],"duration":null,"failureDetails":[],"failureMessages":[],"fullName":"JSON to BPMN XML - Improved Layout (No Overlap) should position three-way branches without overlap","invocations":1,"location":null,"numPassingAsserts":0,"retryReasons":[],"status":"pending","title":"should position three-way branches without overlap"},{"ancestorTitles":["JSON to BPMN XML - Improved Layout (No Overlap)"],"duration":null,"failureDetails":[],"failureMessages":[],"fullName":"JSON to BPMN XML - Improved Layout (No Overlap) should center join gateway between incoming branches","invocations":1,"location":null,"numPassingAsserts":0,"retryReasons":[],"status":"pending","title":"should center join gateway between incoming branches"},{"ancestorTitles":["JSON to BPMN XML - SubProcesses (Simple to Complex)"],"duration":null,"failureDetails":[],"failureMessages":[],"fullName":"JSON to BPMN XML - SubProcesses (Simple to Complex) should handle simple subprocess","invocations":1,"location":null,"numPassingAsserts":0,"retryReasons":[],"status":"pending","title":"should handle simple subprocess"},{"ancestorTitles":["JSON to BPMN XML - SubProcesses (Simple to Complex)"],"duration":null,"failureDetails":[],"failureMessages":[],"fullName":"JSON to BPMN XML - SubProcesses (Simple to Complex) should handle complex subprocess with gateway","invocations":1,"location":null,"numPassingAsserts":0,"retryReasons":[],"status":"pending","title":"should handle complex subprocess with gateway"},{"ancestorTitles":["JSON to BPMN XML - SubProcesses (Simple to Complex)"],"duration":7,"failureDetails":[{"matcherResult":{"actual":4,"expected":2,"message":"\u001b[2mexpect(\u001b[22m\u001b[31mreceived\u001b[39m\u001b[2m).\u001b[22mtoBe\u001b[2m(\u001b[22m\u001b[32mexpected\u001b[39m\u001b[2m) // Object.is equality\u001b[22m\n\nExpected: \u001b[32m2\u001b[39m\nReceived: \u001b[31m4\u001b[39m","name":"toBe","pass":false}}],"failureMessages":["Error: \u001b[2mexpect(\u001b[22m\u001b[31mreceived\u001b[39m\u001b[2m).\u001b[22mtoBe\u001b[2m(\u001b[22m\u001b[32mexpected\u001b[39m\u001b[2m) // Object.is equality\u001b[22m\n\nExpected: \u001b[32m2\u001b[39m\nReceived: \u001b[31m4\u001b[39m\n    at Object.toBe (C:\\Users\\Admin\\Desktop\\edu-rpa-frontend\\__test__\\json-to-bpmn-xml.util.test.ts:1403:29)\n    at Promise.then.completed (C:\\Users\\Admin\\Desktop\\edu-rpa-frontend\\node_modules\\jest-circus\\build\\utils.js:298:28)\n    at new Promise (<anonymous>)\n    at callAsyncCircusFn (C:\\Users\\Admin\\Desktop\\edu-rpa-frontend\\node_modules\\jest-circus\\build\\utils.js:231:10)\n    at _callCircusTest (C:\\Users\\Admin\\Desktop\\edu-rpa-frontend\\node_modules\\jest-circus\\build\\run.js:316:40)\n    at _runTest (C:\\Users\\Admin\\Desktop\\edu-rpa-frontend\\node_modules\\jest-circus\\build\\run.js:252:3)\n    at _runTestsForDescribeBlock (C:\\Users\\Admin\\Desktop\\edu-rpa-frontend\\node_modules\\jest-circus\\build\\run.js:126:9)\n    at _runTestsForDescribeBlock (C:\\Users\\Admin\\Desktop\\edu-rpa-frontend\\node_modules\\jest-circus\\build\\run.js:121:9)\n    at run (C:\\Users\\Admin\\Desktop\\edu-rpa-frontend\\node_modules\\jest-circus\\build\\run.js:71:3)\n    at runAndTransformResultsToJestFormat (C:\\Users\\Admin\\Desktop\\edu-rpa-frontend\\node_modules\\jest-circus\\build\\legacy-code-todo-rewrite\\jestAdapterInit.js:122:21)\n    at jestAdapter (C:\\Users\\Admin\\Desktop\\edu-rpa-frontend\\node_modules\\jest-circus\\build\\legacy-code-todo-rewrite\\jestAdapter.js:79:19)\n    at runTestInternal (C:\\Users\\Admin\\Desktop\\edu-rpa-frontend\\node_modules\\jest-runner\\build\\runTest.js:367:16)\n    at runTest (C:\\Users\\Admin\\Desktop\\edu-rpa-frontend\\node_modules\\jest-runner\\build\\runTest.js:444:34)"],"fullName":"JSON to BPMN XML - SubProcesses (Simple to Complex) should handle multiple separate subprocesses","invocations":1,"location":null,"numPassingAsserts":0,"retryReasons":[],"status":"failed","title":"should handle multiple separate subprocesses"}],"endTime":1773717297739,"message":"\u001b[1m\u001b[31m  \u001b[1m● \u001b[22m\u001b[1mJSON to BPMN XML - SubProcesses (Simple to Complex) › should handle multiple separate subprocesses\u001b[39m\u001b[22m\n\n    \u001b[2mexpect(\u001b[22m\u001b[31mreceived\u001b[39m\u001b[2m).\u001b[22mtoBe\u001b[2m(\u001b[22m\u001b[32mexpected\u001b[39m\u001b[2m) // Object.is equality\u001b[22m\n\n    Expected: \u001b[32m2\u001b[39m\n    Received: \u001b[31m4\u001b[39m\n\u001b[2m\u001b[22m\n\u001b[2m    \u001b[0m \u001b[90m 1401 |\u001b[39m     \u001b[36mconst\u001b[39m xml \u001b[33m=\u001b[39m jsonToBpmnXml(data)\u001b[33m;\u001b[39m\u001b[0m\u001b[22m\n\u001b[2m    \u001b[0m \u001b[90m 1402 |\u001b[39m     \u001b[36mconst\u001b[39m subProcessCount \u001b[33m=\u001b[39m (xml\u001b[33m.\u001b[39mmatch(\u001b[35m/<bpmn:subProcess/g\u001b[39m) \u001b[33m||\u001b[39m [])\u001b[33m.\u001b[39mlength\u001b[33m;\u001b[39m\u001b[0m\u001b[22m\n\u001b[2m    \u001b[0m\u001b[31m\u001b[1m>\u001b[22m\u001b[2m\u001b[39m\u001b[90m 1403 |\u001b[39m     expect(subProcessCount)\u001b[33m.\u001b[39mtoBe(\u001b[35m2\u001b[39m)\u001b[33m;\u001b[39m\u001b[0m\u001b[22m\n\u001b[2m    \u001b[0m \u001b[90m      |\u001b[39m                             \u001b[31m\u001b[1m^\u001b[22m\u001b[2m\u001b[39m\u001b[0m\u001b[22m\n\u001b[2m    \u001b[0m \u001b[90m 1404 |\u001b[39m   })\u001b[33m;\u001b[39m\u001b[0m\u001b[22m\n\u001b[2m    \u001b[0m \u001b[90m 1405 |\u001b[39m })\u001b[33m;\u001b[39m\u001b[0m\u001b[22m\n\u001b[2m    \u001b[0m \u001b[90m 1406 |\u001b[39m\u001b[0m\u001b[22m\n\u001b[2m\u001b[22m\n\u001b[2m      \u001b[2mat Object.toBe (\u001b[22m\u001b[2m\u001b[0m\u001b[36m__test__/json-to-bpmn-xml.util.test.ts\u001b[39m\u001b[0m\u001b[2m:1403:29)\u001b[22m\u001b[2m\u001b[22m\n","name":"C:\\Users\\Admin\\Desktop\\edu-rpa-frontend\\__test__\\json-to-bpmn-xml.util.test.ts","startTime":1773717297404,"status":"failed","summary":""}],"wasInterrupted":false}
