{"numFailedTestSuites":1,"numFailedTests":4,"numPassedTestSuites":0,"numPassedTests":73,"numPendingTestSuites":0,"numPendingTests":0,"numRuntimeErrorTestSuites":0,"numTodoTests":0,"numTotalTestSuites":1,"numTotalTests":77,"openHandles":[],"snapshot":{"added":0,"didUpdate":false,"failure":false,"filesAdded":0,"filesRemoved":0,"filesRemovedList":[],"filesUnmatched":0,"filesUpdated":0,"matched":0,"total":0,"unchecked":0,"uncheckedKeysByFile":[],"unmatched":0,"updated":0},"startTime":1773717108495,"success":false,"testResults":[{"assertionResults":[{"ancestorTitles":["JSON to BPMN XML - Validation","validateBpmnJson"],"duration":2,"failureDetails":[],"failureMessages":[],"fullName":"JSON to BPMN XML - Validation validateBpmnJson should validate a correct simple process","invocations":1,"location":null,"numPassingAsserts":2,"retryReasons":[],"status":"passed","title":"should validate a correct simple process"},{"ancestorTitles":["JSON to BPMN XML - Validation","validateBpmnJson"],"duration":1,"failureDetails":[],"failureMessages":[],"fullName":"JSON to BPMN XML - Validation validateBpmnJson should validate a process with gateway","invocations":1,"location":null,"numPassingAsserts":2,"retryReasons":[],"status":"passed","title":"should validate a process with gateway"},{"ancestorTitles":["JSON to BPMN XML - Validation","validateBpmnJson"],"duration":1,"failureDetails":[],"failureMessages":[],"fullName":"JSON to BPMN XML - Validation validateBpmnJson should validate the purchase process example","invocations":1,"location":null,"numPassingAsserts":2,"retryReasons":[],"status":"passed","title":"should validate the purchase process example"},{"ancestorTitles":["JSON to BPMN XML - Validation","validateBpmnJson"],"duration":1,"failureDetails":[],"failureMessages":[],"fullName":"JSON to BPMN XML - Validation validateBpmnJson should reject null input","invocations":1,"location":null,"numPassingAsserts":2,"retryReasons":[],"status":"passed","title":"should reject null input"},{"ancestorTitles":["JSON to BPMN XML - Validation","validateBpmnJson"],"duration":0,"failureDetails":[],"failureMessages":[],"fullName":"JSON to BPMN XML - Validation validateBpmnJson should reject undefined input","invocations":1,"location":null,"numPassingAsserts":2,"retryReasons":[],"status":"passed","title":"should reject undefined input"},{"ancestorTitles":["JSON to BPMN XML - Validation","validateBpmnJson"],"duration":0,"failureDetails":[],"failureMessages":[],"fullName":"JSON to BPMN XML - Validation validateBpmnJson should reject non-object input","invocations":1,"location":null,"numPassingAsserts":2,"retryReasons":[],"status":"passed","title":"should reject non-object input"},{"ancestorTitles":["JSON to BPMN XML - Validation","validateBpmnJson"],"duration":0,"failureDetails":[],"failureMessages":[],"fullName":"JSON to BPMN XML - Validation validateBpmnJson should reject missing bpmn property","invocations":1,"location":null,"numPassingAsserts":2,"retryReasons":[],"status":"passed","title":"should reject missing bpmn property"},{"ancestorTitles":["JSON to BPMN XML - Validation","validateBpmnJson"],"duration":1,"failureDetails":[],"failureMessages":[],"fullName":"JSON to BPMN XML - Validation validateBpmnJson should reject missing nodes array","invocations":1,"location":null,"numPassingAsserts":2,"retryReasons":[],"status":"passed","title":"should reject missing nodes array"},{"ancestorTitles":["JSON to BPMN XML - Validation","validateBpmnJson"],"duration":0,"failureDetails":[],"failureMessages":[],"fullName":"JSON to BPMN XML - Validation validateBpmnJson should reject missing flows array","invocations":1,"location":null,"numPassingAsserts":2,"retryReasons":[],"status":"passed","title":"should reject missing flows array"},{"ancestorTitles":["JSON to BPMN XML - Validation","validateBpmnJson"],"duration":0,"failureDetails":[],"failureMessages":[],"fullName":"JSON to BPMN XML - Validation validateBpmnJson should reject nodes without id","invocations":1,"location":null,"numPassingAsserts":2,"retryReasons":[],"status":"passed","title":"should reject nodes without id"},{"ancestorTitles":["JSON to BPMN XML - Validation","validateBpmnJson"],"duration":1,"failureDetails":[],"failureMessages":[],"fullName":"JSON to BPMN XML - Validation validateBpmnJson should reject duplicate node ids","invocations":1,"location":null,"numPassingAsserts":2,"retryReasons":[],"status":"passed","title":"should reject duplicate node ids"},{"ancestorTitles":["JSON to BPMN XML - Validation","validateBpmnJson"],"duration":0,"failureDetails":[],"failureMessages":[],"fullName":"JSON to BPMN XML - Validation validateBpmnJson should reject nodes without type","invocations":1,"location":null,"numPassingAsserts":2,"retryReasons":[],"status":"passed","title":"should reject nodes without type"},{"ancestorTitles":["JSON to BPMN XML - Validation","validateBpmnJson"],"duration":0,"failureDetails":[],"failureMessages":[],"fullName":"JSON to BPMN XML - Validation validateBpmnJson should reject flows referencing non-existent source","invocations":1,"location":null,"numPassingAsserts":2,"retryReasons":[],"status":"passed","title":"should reject flows referencing non-existent source"},{"ancestorTitles":["JSON to BPMN XML - Validation","validateBpmnJson"],"duration":0,"failureDetails":[],"failureMessages":[],"fullName":"JSON to BPMN XML - Validation validateBpmnJson should reject flows referencing non-existent target","invocations":1,"location":null,"numPassingAsserts":2,"retryReasons":[],"status":"passed","title":"should reject flows referencing non-existent target"},{"ancestorTitles":["JSON to BPMN XML - Validation","validateBpmnJson"],"duration":1,"failureDetails":[],"failureMessages":[],"fullName":"JSON to BPMN XML - Validation validateBpmnJson should reject process without StartEvent","invocations":1,"location":null,"numPassingAsserts":2,"retryReasons":[],"status":"passed","title":"should reject process without StartEvent"},{"ancestorTitles":["JSON to BPMN XML - Validation","validateBpmnJson"],"duration":0,"failureDetails":[],"failureMessages":[],"fullName":"JSON to BPMN XML - Validation validateBpmnJson should reject process without EndEvent","invocations":1,"location":null,"numPassingAsserts":2,"retryReasons":[],"status":"passed","title":"should reject process without EndEvent"},{"ancestorTitles":["JSON to BPMN XML - XML Generation","jsonToBpmnXml"],"duration":3,"failureDetails":[],"failureMessages":[],"fullName":"JSON to BPMN XML - XML Generation jsonToBpmnXml should generate valid XML declaration","invocations":1,"location":null,"numPassingAsserts":1,"retryReasons":[],"status":"passed","title":"should generate valid XML declaration"},{"ancestorTitles":["JSON to BPMN XML - XML Generation","jsonToBpmnXml"],"duration":0,"failureDetails":[],"failureMessages":[],"fullName":"JSON to BPMN XML - XML Generation jsonToBpmnXml should include BPMN definitions with correct namespaces","invocations":1,"location":null,"numPassingAsserts":4,"retryReasons":[],"status":"passed","title":"should include BPMN definitions with correct namespaces"},{"ancestorTitles":["JSON to BPMN XML - XML Generation","jsonToBpmnXml"],"duration":2,"failureDetails":[{"matcherResult":{"message":"\u001b[2mexpect(\u001b[22m\u001b[31mreceived\u001b[39m\u001b[2m).\u001b[22mtoMatch\u001b[2m(\u001b[22m\u001b[32mexpected\u001b[39m\u001b[2m)\u001b[22m\n\nExpected pattern: \u001b[32m/<bpmn:process id=\"Process_[^\"]+\" isExecutable=\"true\">/\u001b[39m\nReceived string:  \u001b[31m\"<?xml version=\\\"1.0\\\" encoding=\\\"UTF-8\\\"?>\u001b[39m\n\u001b[31m<bpmn:definitions xmlns:xsi=\\\"http://www.w3.org/2001/XMLSchema-instance\\\" xmlns:bpmn=\\\"http://www.omg.org/spec/BPMN/20100524/MODEL\\\" xmlns:bpmndi=\\\"http://www.omg.org/spec/BPMN/20100524/DI\\\" xmlns:dc=\\\"http://www.omg.org/spec/DD/20100524/DC\\\" xmlns:di=\\\"http://www.omg.org/spec/DD/20100524/DI\\\" id=\\\"Definitions_mmu1dclb\\\" targetNamespace=\\\"http://bpmn.io/schema/bpmn\\\" exporter=\\\"bpmn-js (https://demo.bpmn.io)\\\" exporterVersion=\\\"17.0.0\\\">\u001b[39m\n\u001b[31m  <bpmn:process id=\\\"Process_mmu1dclb\\\" isExecutable=\\\"false\\\">\u001b[39m\n\u001b[31m    <bpmn:startEvent id=\\\"n0\\\" name=\\\"Start\\\">\u001b[39m\n\u001b[31m      <bpmn:outgoing>Flow_n0_n1</bpmn:outgoing>\u001b[39m\n\u001b[31m    </bpmn:startEvent>\u001b[39m\n\u001b[31m    <bpmn:task id=\\\"n1\\\" name=\\\"Do Something\\\">\u001b[39m\n\u001b[31m      <bpmn:incoming>Flow_n0_n1</bpmn:incoming>\u001b[39m\n\u001b[31m      <bpmn:outgoing>Flow_n1_n2</bpmn:outgoing>\u001b[39m\n\u001b[31m    </bpmn:task>\u001b[39m\n\u001b[31m    <bpmn:endEvent id=\\\"n2\\\" name=\\\"End\\\">\u001b[39m\n\u001b[31m      <bpmn:incoming>Flow_n1_n2</bpmn:incoming>\u001b[39m\n\u001b[31m    </bpmn:endEvent>\u001b[39m\n\u001b[31m    <bpmn:sequenceFlow id=\\\"Flow_n0_n1\\\" sourceRef=\\\"n0\\\" targetRef=\\\"n1\\\" />\u001b[39m\n\u001b[31m    <bpmn:sequenceFlow id=\\\"Flow_n1_n2\\\" sourceRef=\\\"n1\\\" targetRef=\\\"n2\\\" />\u001b[39m\n\u001b[31m  </bpmn:process>\u001b[39m\n\u001b[31m  <bpmndi:BPMNDiagram id=\\\"BPMNDiagram_mmu1dclb\\\">\u001b[39m\n\u001b[31m    <bpmndi:BPMNPlane id=\\\"BPMNPlane_mmu1dclb\\\" bpmnElement=\\\"Process_mmu1dclb\\\">\u001b[39m\n\u001b[31m      <bpmndi:BPMNShape id=\\\"n0_di\\\" bpmnElement=\\\"n0\\\">\u001b[39m\n\u001b[31m        <dc:Bounds x=\\\"200\\\" y=\\\"200\\\" width=\\\"36\\\" height=\\\"36\\\" />\u001b[39m\n\u001b[31m        <bpmndi:BPMNLabel>\u001b[39m\n\u001b[31m          <dc:Bounds x=\\\"190\\\" y=\\\"241\\\" width=\\\"56\\\" height=\\\"14\\\" />\u001b[39m\n\u001b[31m        </bpmndi:BPMNLabel>\u001b[39m\n\u001b[31m      </bpmndi:BPMNShape>\u001b[39m\n\u001b[31m      <bpmndi:BPMNShape id=\\\"n1_di\\\" bpmnElement=\\\"n1\\\">\u001b[39m\n\u001b[31m        <dc:Bounds x=\\\"380\\\" y=\\\"200\\\" width=\\\"100\\\" height=\\\"80\\\" />\u001b[39m\n\u001b[31m      </bpmndi:BPMNShape>\u001b[39m\n\u001b[31m      <bpmndi:BPMNShape id=\\\"n2_di\\\" bpmnElement=\\\"n2\\\">\u001b[39m\n\u001b[31m        <dc:Bounds x=\\\"560\\\" y=\\\"200\\\" width=\\\"36\\\" height=\\\"36\\\" />\u001b[39m\n\u001b[31m        <bpmndi:BPMNLabel>\u001b[39m\n\u001b[31m          <dc:Bounds x=\\\"550\\\" y=\\\"241\\\" width=\\\"56\\\" height=\\\"14\\\" />\u001b[39m\n\u001b[31m        </bpmndi:BPMNLabel>\u001b[39m\n\u001b[31m      </bpmndi:BPMNShape>\u001b[39m\n\u001b[31m      <bpmndi:BPMNEdge id=\\\"Flow_n0_n1_di\\\" bpmnElement=\\\"Flow_n0_n1\\\">\u001b[39m\n\u001b[31m        <di:waypoint x=\\\"236\\\" y=\\\"218\\\" />\u001b[39m\n\u001b[31m        <di:waypoint x=\\\"380\\\" y=\\\"240\\\" />\u001b[39m\n\u001b[31m      </bpmndi:BPMNEdge>\u001b[39m\n\u001b[31m      <bpmndi:BPMNEdge id=\\\"Flow_n1_n2_di\\\" bpmnElement=\\\"Flow_n1_n2\\\">\u001b[39m\n\u001b[31m        <di:waypoint x=\\\"480\\\" y=\\\"240\\\" />\u001b[39m\n\u001b[31m        <di:waypoint x=\\\"560\\\" y=\\\"218\\\" />\u001b[39m\n\u001b[31m      </bpmndi:BPMNEdge>\u001b[39m\n\u001b[31m    </bpmndi:BPMNPlane>\u001b[39m\n\u001b[31m  </bpmndi:BPMNDiagram>\u001b[39m\n\u001b[31m</bpmn:definitions>\u001b[39m\n\u001b[31m\"\u001b[39m","pass":false}}],"failureMessages":["Error: \u001b[2mexpect(\u001b[22m\u001b[31mreceived\u001b[39m\u001b[2m).\u001b[22mtoMatch\u001b[2m(\u001b[22m\u001b[32mexpected\u001b[39m\u001b[2m)\u001b[22m\n\nExpected pattern: \u001b[32m/<bpmn:process id=\"Process_[^\"]+\" isExecutable=\"true\">/\u001b[39m\nReceived string:  \u001b[31m\"<?xml version=\\\"1.0\\\" encoding=\\\"UTF-8\\\"?>\u001b[39m\n\u001b[31m<bpmn:definitions xmlns:xsi=\\\"http://www.w3.org/2001/XMLSchema-instance\\\" xmlns:bpmn=\\\"http://www.omg.org/spec/BPMN/20100524/MODEL\\\" xmlns:bpmndi=\\\"http://www.omg.org/spec/BPMN/20100524/DI\\\" xmlns:dc=\\\"http://www.omg.org/spec/DD/20100524/DC\\\" xmlns:di=\\\"http://www.omg.org/spec/DD/20100524/DI\\\" id=\\\"Definitions_mmu1dclb\\\" targetNamespace=\\\"http://bpmn.io/schema/bpmn\\\" exporter=\\\"bpmn-js (https://demo.bpmn.io)\\\" exporterVersion=\\\"17.0.0\\\">\u001b[39m\n\u001b[31m  <bpmn:process id=\\\"Process_mmu1dclb\\\" isExecutable=\\\"false\\\">\u001b[39m\n\u001b[31m    <bpmn:startEvent id=\\\"n0\\\" name=\\\"Start\\\">\u001b[39m\n\u001b[31m      <bpmn:outgoing>Flow_n0_n1</bpmn:outgoing>\u001b[39m\n\u001b[31m    </bpmn:startEvent>\u001b[39m\n\u001b[31m    <bpmn:task id=\\\"n1\\\" name=\\\"Do Something\\\">\u001b[39m\n\u001b[31m      <bpmn:incoming>Flow_n0_n1</bpmn:incoming>\u001b[39m\n\u001b[31m      <bpmn:outgoing>Flow_n1_n2</bpmn:outgoing>\u001b[39m\n\u001b[31m    </bpmn:task>\u001b[39m\n\u001b[31m    <bpmn:endEvent id=\\\"n2\\\" name=\\\"End\\\">\u001b[39m\n\u001b[31m      <bpmn:incoming>Flow_n1_n2</bpmn:incoming>\u001b[39m\n\u001b[31m    </bpmn:endEvent>\u001b[39m\n\u001b[31m    <bpmn:sequenceFlow id=\\\"Flow_n0_n1\\\" sourceRef=\\\"n0\\\" targetRef=\\\"n1\\\" />\u001b[39m\n\u001b[31m    <bpmn:sequenceFlow id=\\\"Flow_n1_n2\\\" sourceRef=\\\"n1\\\" targetRef=\\\"n2\\\" />\u001b[39m\n\u001b[31m  </bpmn:process>\u001b[39m\n\u001b[31m  <bpmndi:BPMNDiagram id=\\\"BPMNDiagram_mmu1dclb\\\">\u001b[39m\n\u001b[31m    <bpmndi:BPMNPlane id=\\\"BPMNPlane_mmu1dclb\\\" bpmnElement=\\\"Process_mmu1dclb\\\">\u001b[39m\n\u001b[31m      <bpmndi:BPMNShape id=\\\"n0_di\\\" bpmnElement=\\\"n0\\\">\u001b[39m\n\u001b[31m        <dc:Bounds x=\\\"200\\\" y=\\\"200\\\" width=\\\"36\\\" height=\\\"36\\\" />\u001b[39m\n\u001b[31m        <bpmndi:BPMNLabel>\u001b[39m\n\u001b[31m          <dc:Bounds x=\\\"190\\\" y=\\\"241\\\" width=\\\"56\\\" height=\\\"14\\\" />\u001b[39m\n\u001b[31m        </bpmndi:BPMNLabel>\u001b[39m\n\u001b[31m      </bpmndi:BPMNShape>\u001b[39m\n\u001b[31m      <bpmndi:BPMNShape id=\\\"n1_di\\\" bpmnElement=\\\"n1\\\">\u001b[39m\n\u001b[31m        <dc:Bounds x=\\\"380\\\" y=\\\"200\\\" width=\\\"100\\\" height=\\\"80\\\" />\u001b[39m\n\u001b[31m      </bpmndi:BPMNShape>\u001b[39m\n\u001b[31m      <bpmndi:BPMNShape id=\\\"n2_di\\\" bpmnElement=\\\"n2\\\">\u001b[39m\n\u001b[31m        <dc:Bounds x=\\\"560\\\" y=\\\"200\\\" width=\\\"36\\\" height=\\\"36\\\" />\u001b[39m\n\u001b[31m        <bpmndi:BPMNLabel>\u001b[39m\n\u001b[31m          <dc:Bounds x=\\\"550\\\" y=\\\"241\\\" width=\\\"56\\\" height=\\\"14\\\" />\u001b[39m\n\u001b[31m        </bpmndi:BPMNLabel>\u001b[39m\n\u001b[31m      </bpmndi:BPMNShape>\u001b[39m\n\u001b[31m      <bpmndi:BPMNEdge id=\\\"Flow_n0_n1_di\\\" bpmnElement=\\\"Flow_n0_n1\\\">\u001b[39m\n\u001b[31m        <di:waypoint x=\\\"236\\\" y=\\\"218\\\" />\u001b[39m\n\u001b[31m        <di:waypoint x=\\\"380\\\" y=\\\"240\\\" />\u001b[39m\n\u001b[31m      </bpmndi:BPMNEdge>\u001b[39m\n\u001b[31m      <bpmndi:BPMNEdge id=\\\"Flow_n1_n2_di\\\" bpmnElement=\\\"Flow_n1_n2\\\">\u001b[39m\n\u001b[31m        <di:waypoint x=\\\"480\\\" y=\\\"240\\\" />\u001b[39m\n\u001b[31m        <di:waypoint x=\\\"560\\\" y=\\\"218\\\" />\u001b[39m\n\u001b[31m      </bpmndi:BPMNEdge>\u001b[39m\n\u001b[31m    </bpmndi:BPMNPlane>\u001b[39m\n\u001b[31m  </bpmndi:BPMNDiagram>\u001b[39m\n\u001b[31m</bpmn:definitions>\u001b[39m\n\u001b[31m\"\u001b[39m\n    at Object.toMatch (C:\\Users\\Admin\\Desktop\\edu-rpa-frontend\\__test__\\json-to-bpmn-xml.util.test.ts:381:19)\n    at Promise.then.completed (C:\\Users\\Admin\\Desktop\\edu-rpa-frontend\\node_modules\\jest-circus\\build\\utils.js:298:28)\n    at new Promise (<anonymous>)\n    at callAsyncCircusFn (C:\\Users\\Admin\\Desktop\\edu-rpa-frontend\\node_modules\\jest-circus\\build\\utils.js:231:10)\n    at _callCircusTest (C:\\Users\\Admin\\Desktop\\edu-rpa-frontend\\node_modules\\jest-circus\\build\\run.js:316:40)\n    at _runTest (C:\\Users\\Admin\\Desktop\\edu-rpa-frontend\\node_modules\\jest-circus\\build\\run.js:252:3)\n    at _runTestsForDescribeBlock (C:\\Users\\Admin\\Desktop\\edu-rpa-frontend\\node_modules\\jest-circus\\build\\run.js:126:9)\n    at _runTestsForDescribeBlock (C:\\Users\\Admin\\Desktop\\edu-rpa-frontend\\node_modules\\jest-circus\\build\\run.js:121:9)\n    at _runTestsForDescribeBlock (C:\\Users\\Admin\\Desktop\\edu-rpa-frontend\\node_modules\\jest-circus\\build\\run.js:121:9)\n    at run (C:\\Users\\Admin\\Desktop\\edu-rpa-frontend\\node_modules\\jest-circus\\build\\run.js:71:3)\n    at runAndTransformResultsToJestFormat (C:\\Users\\Admin\\Desktop\\edu-rpa-frontend\\node_modules\\jest-circus\\build\\legacy-code-todo-rewrite\\jestAdapterInit.js:122:21)\n    at jestAdapter (C:\\Users\\Admin\\Desktop\\edu-rpa-frontend\\node_modules\\jest-circus\\build\\legacy-code-todo-rewrite\\jestAdapter.js:79:19)\n    at runTestInternal (C:\\Users\\Admin\\Desktop\\edu-rpa-frontend\\node_modules\\jest-runner\\build\\runTest.js:367:16)\n    at runTest (C:\\Users\\Admin\\Desktop\\edu-rpa-frontend\\node_modules\\jest-runner\\build\\runTest.js:444:34)"],"fullName":"JSON to BPMN XML - XML Generation jsonToBpmnXml should include process element","invocations":1,"location":null,"numPassingAsserts":0,"retryReasons":[],"status":"failed","title":"should include process element"},{"ancestorTitles":["JSON to BPMN XML - XML Generation","jsonToBpmnXml"],"duration":0,"failureDetails":[],"failureMessages":[],"fullName":"JSON to BPMN XML - XML Generation jsonToBpmnXml should generate StartEvent element","invocations":1,"location":null,"numPassingAsserts":2,"retryReasons":[],"status":"passed","title":"should generate StartEvent element"},{"ancestorTitles":["JSON to BPMN XML - XML Generation","jsonToBpmnXml"],"duration":0,"failureDetails":[],"failureMessages":[],"fullName":"JSON to BPMN XML - XML Generation jsonToBpmnXml should generate EndEvent element","invocations":1,"location":null,"numPassingAsserts":2,"retryReasons":[],"status":"passed","title":"should generate EndEvent element"},{"ancestorTitles":["JSON to BPMN XML - XML Generation","jsonToBpmnXml"],"duration":0,"failureDetails":[],"failureMessages":[],"fullName":"JSON to BPMN XML - XML Generation jsonToBpmnXml should generate Task element","invocations":1,"location":null,"numPassingAsserts":2,"retryReasons":[],"status":"passed","title":"should generate Task element"},{"ancestorTitles":["JSON to BPMN XML - XML Generation","jsonToBpmnXml"],"duration":1,"failureDetails":[],"failureMessages":[],"fullName":"JSON to BPMN XML - XML Generation jsonToBpmnXml should generate UserTask element","invocations":1,"location":null,"numPassingAsserts":2,"retryReasons":[],"status":"passed","title":"should generate UserTask element"},{"ancestorTitles":["JSON to BPMN XML - XML Generation","jsonToBpmnXml"],"duration":0,"failureDetails":[],"failureMessages":[],"fullName":"JSON to BPMN XML - XML Generation jsonToBpmnXml should generate ExclusiveGateway element","invocations":1,"location":null,"numPassingAsserts":2,"retryReasons":[],"status":"passed","title":"should generate ExclusiveGateway element"},{"ancestorTitles":["JSON to BPMN XML - XML Generation","jsonToBpmnXml"],"duration":1,"failureDetails":[],"failureMessages":[],"fullName":"JSON to BPMN XML - XML Generation jsonToBpmnXml should generate SequenceFlow elements","invocations":1,"location":null,"numPassingAsserts":2,"retryReasons":[],"status":"passed","title":"should generate SequenceFlow elements"},{"ancestorTitles":["JSON to BPMN XML - XML Generation","jsonToBpmnXml"],"duration":1,"failureDetails":[],"failureMessages":[],"fullName":"JSON to BPMN XML - XML Generation jsonToBpmnXml should generate conditional flows with condition expression","invocations":1,"location":null,"numPassingAsserts":3,"retryReasons":[],"status":"passed","title":"should generate conditional flows with condition expression"},{"ancestorTitles":["JSON to BPMN XML - XML Generation","jsonToBpmnXml"],"duration":0,"failureDetails":[],"failureMessages":[],"fullName":"JSON to BPMN XML - XML Generation jsonToBpmnXml should generate incoming/outgoing references","invocations":1,"location":null,"numPassingAsserts":2,"retryReasons":[],"status":"passed","title":"should generate incoming/outgoing references"},{"ancestorTitles":["JSON to BPMN XML - XML Generation","jsonToBpmnXml"],"duration":0,"failureDetails":[],"failureMessages":[],"fullName":"JSON to BPMN XML - XML Generation jsonToBpmnXml should generate BPMNDiagram section","invocations":1,"location":null,"numPassingAsserts":2,"retryReasons":[],"status":"passed","title":"should generate BPMNDiagram section"},{"ancestorTitles":["JSON to BPMN XML - XML Generation","jsonToBpmnXml"],"duration":1,"failureDetails":[],"failureMessages":[],"fullName":"JSON to BPMN XML - XML Generation jsonToBpmnXml should generate BPMNPlane section","invocations":1,"location":null,"numPassingAsserts":2,"retryReasons":[],"status":"passed","title":"should generate BPMNPlane section"},{"ancestorTitles":["JSON to BPMN XML - XML Generation","jsonToBpmnXml"],"duration":0,"failureDetails":[],"failureMessages":[],"fullName":"JSON to BPMN XML - XML Generation jsonToBpmnXml should generate BPMNShape for each node","invocations":1,"location":null,"numPassingAsserts":3,"retryReasons":[],"status":"passed","title":"should generate BPMNShape for each node"},{"ancestorTitles":["JSON to BPMN XML - XML Generation","jsonToBpmnXml"],"duration":1,"failureDetails":[],"failureMessages":[],"fullName":"JSON to BPMN XML - XML Generation jsonToBpmnXml should generate dc:Bounds for shapes","invocations":1,"location":null,"numPassingAsserts":1,"retryReasons":[],"status":"passed","title":"should generate dc:Bounds for shapes"},{"ancestorTitles":["JSON to BPMN XML - XML Generation","jsonToBpmnXml"],"duration":0,"failureDetails":[],"failureMessages":[],"fullName":"JSON to BPMN XML - XML Generation jsonToBpmnXml should generate BPMNEdge for each flow","invocations":1,"location":null,"numPassingAsserts":2,"retryReasons":[],"status":"passed","title":"should generate BPMNEdge for each flow"},{"ancestorTitles":["JSON to BPMN XML - XML Generation","jsonToBpmnXml"],"duration":0,"failureDetails":[],"failureMessages":[],"fullName":"JSON to BPMN XML - XML Generation jsonToBpmnXml should generate di:waypoint for edges","invocations":1,"location":null,"numPassingAsserts":1,"retryReasons":[],"status":"passed","title":"should generate di:waypoint for edges"},{"ancestorTitles":["JSON to BPMN XML - XML Generation","jsonToBpmnXml"],"duration":0,"failureDetails":[],"failureMessages":[],"fullName":"JSON to BPMN XML - XML Generation jsonToBpmnXml should escape special XML characters in names","invocations":1,"location":null,"numPassingAsserts":4,"retryReasons":[],"status":"passed","title":"should escape special XML characters in names"},{"ancestorTitles":["JSON to BPMN XML - XML Generation","jsonToBpmnXml"],"duration":1,"failureDetails":[],"failureMessages":[],"fullName":"JSON to BPMN XML - XML Generation jsonToBpmnXml should handle nodes without names","invocations":1,"location":null,"numPassingAsserts":2,"retryReasons":[],"status":"passed","title":"should handle nodes without names"},{"ancestorTitles":["JSON to BPMN XML - convertJsonToBpmn"],"duration":0,"failureDetails":[],"failureMessages":[],"fullName":"JSON to BPMN XML - convertJsonToBpmn should return success with valid data","invocations":1,"location":null,"numPassingAsserts":3,"retryReasons":[],"status":"passed","title":"should return success with valid data"},{"ancestorTitles":["JSON to BPMN XML - convertJsonToBpmn"],"duration":0,"failureDetails":[],"failureMessages":[],"fullName":"JSON to BPMN XML - convertJsonToBpmn should return failure with invalid data","invocations":1,"location":null,"numPassingAsserts":4,"retryReasons":[],"status":"passed","title":"should return failure with invalid data"},{"ancestorTitles":["JSON to BPMN XML - convertJsonToBpmn"],"duration":34,"failureDetails":[],"failureMessages":[],"fullName":"JSON to BPMN XML - convertJsonToBpmn should handle the full purchase process example","invocations":1,"location":null,"numPassingAsserts":15,"retryReasons":[],"status":"passed","title":"should handle the full purchase process example"},{"ancestorTitles":["JSON to BPMN XML - Node Type Mapping"],"duration":0,"failureDetails":[],"failureMessages":[],"fullName":"JSON to BPMN XML - Node Type Mapping should map StartEvent correctly","invocations":1,"location":null,"numPassingAsserts":1,"retryReasons":[],"status":"passed","title":"should map StartEvent correctly"},{"ancestorTitles":["JSON to BPMN XML - Node Type Mapping"],"duration":1,"failureDetails":[],"failureMessages":[],"fullName":"JSON to BPMN XML - Node Type Mapping should map EndEvent correctly","invocations":1,"location":null,"numPassingAsserts":1,"retryReasons":[],"status":"passed","title":"should map EndEvent correctly"},{"ancestorTitles":["JSON to BPMN XML - Node Type Mapping"],"duration":0,"failureDetails":[],"failureMessages":[],"fullName":"JSON to BPMN XML - Node Type Mapping should map Task correctly","invocations":1,"location":null,"numPassingAsserts":1,"retryReasons":[],"status":"passed","title":"should map Task correctly"},{"ancestorTitles":["JSON to BPMN XML - Node Type Mapping"],"duration":0,"failureDetails":[],"failureMessages":[],"fullName":"JSON to BPMN XML - Node Type Mapping should map UserTask correctly","invocations":1,"location":null,"numPassingAsserts":1,"retryReasons":[],"status":"passed","title":"should map UserTask correctly"},{"ancestorTitles":["JSON to BPMN XML - Node Type Mapping"],"duration":1,"failureDetails":[],"failureMessages":[],"fullName":"JSON to BPMN XML - Node Type Mapping should map ServiceTask correctly","invocations":1,"location":null,"numPassingAsserts":1,"retryReasons":[],"status":"passed","title":"should map ServiceTask correctly"},{"ancestorTitles":["JSON to BPMN XML - Node Type Mapping"],"duration":0,"failureDetails":[],"failureMessages":[],"fullName":"JSON to BPMN XML - Node Type Mapping should map ManualTask correctly","invocations":1,"location":null,"numPassingAsserts":1,"retryReasons":[],"status":"passed","title":"should map ManualTask correctly"},{"ancestorTitles":["JSON to BPMN XML - Node Type Mapping"],"duration":0,"failureDetails":[],"failureMessages":[],"fullName":"JSON to BPMN XML - Node Type Mapping should map SendTask correctly","invocations":1,"location":null,"numPassingAsserts":1,"retryReasons":[],"status":"passed","title":"should map SendTask correctly"},{"ancestorTitles":["JSON to BPMN XML - Node Type Mapping"],"duration":0,"failureDetails":[],"failureMessages":[],"fullName":"JSON to BPMN XML - Node Type Mapping should map ReceiveTask correctly","invocations":1,"location":null,"numPassingAsserts":1,"retryReasons":[],"status":"passed","title":"should map ReceiveTask correctly"},{"ancestorTitles":["JSON to BPMN XML - Node Type Mapping"],"duration":0,"failureDetails":[],"failureMessages":[],"fullName":"JSON to BPMN XML - Node Type Mapping should map ScriptTask correctly","invocations":1,"location":null,"numPassingAsserts":1,"retryReasons":[],"status":"passed","title":"should map ScriptTask correctly"},{"ancestorTitles":["JSON to BPMN XML - Node Type Mapping"],"duration":0,"failureDetails":[],"failureMessages":[],"fullName":"JSON to BPMN XML - Node Type Mapping should map BusinessRuleTask correctly","invocations":1,"location":null,"numPassingAsserts":1,"retryReasons":[],"status":"passed","title":"should map BusinessRuleTask correctly"},{"ancestorTitles":["JSON to BPMN XML - Node Type Mapping"],"duration":1,"failureDetails":[],"failureMessages":[],"fullName":"JSON to BPMN XML - Node Type Mapping should map ExclusiveGateway correctly","invocations":1,"location":null,"numPassingAsserts":1,"retryReasons":[],"status":"passed","title":"should map ExclusiveGateway correctly"},{"ancestorTitles":["JSON to BPMN XML - Node Type Mapping"],"duration":0,"failureDetails":[],"failureMessages":[],"fullName":"JSON to BPMN XML - Node Type Mapping should map ParallelGateway correctly","invocations":1,"location":null,"numPassingAsserts":1,"retryReasons":[],"status":"passed","title":"should map ParallelGateway correctly"},{"ancestorTitles":["JSON to BPMN XML - Node Type Mapping"],"duration":0,"failureDetails":[],"failureMessages":[],"fullName":"JSON to BPMN XML - Node Type Mapping should map InclusiveGateway correctly","invocations":1,"location":null,"numPassingAsserts":1,"retryReasons":[],"status":"passed","title":"should map InclusiveGateway correctly"},{"ancestorTitles":["JSON to BPMN XML - Node Type Mapping"],"duration":1,"failureDetails":[],"failureMessages":[],"fullName":"JSON to BPMN XML - Node Type Mapping should map SubProcess correctly","invocations":1,"location":null,"numPassingAsserts":1,"retryReasons":[],"status":"passed","title":"should map SubProcess correctly"},{"ancestorTitles":["JSON to BPMN XML - Layout"],"duration":0,"failureDetails":[],"failureMessages":[],"fullName":"JSON to BPMN XML - Layout should assign different x positions for sequential nodes","invocations":1,"location":null,"numPassingAsserts":1,"retryReasons":[],"status":"passed","title":"should assign different x positions for sequential nodes"},{"ancestorTitles":["JSON to BPMN XML - Layout"],"duration":0,"failureDetails":[],"failureMessages":[],"fullName":"JSON to BPMN XML - Layout should generate waypoints for all flows","invocations":1,"location":null,"numPassingAsserts":1,"retryReasons":[],"status":"passed","title":"should generate waypoints for all flows"},{"ancestorTitles":["JSON to BPMN XML - Edge Cases"],"duration":0,"failureDetails":[],"failureMessages":[],"fullName":"JSON to BPMN XML - Edge Cases should handle single-node process (just start and end)","invocations":1,"location":null,"numPassingAsserts":1,"retryReasons":[],"status":"passed","title":"should handle single-node process (just start and end)"},{"ancestorTitles":["JSON to BPMN XML - Edge Cases"],"duration":1,"failureDetails":[],"failureMessages":[],"fullName":"JSON to BPMN XML - Edge Cases should handle parallel gateway with multiple branches","invocations":1,"location":null,"numPassingAsserts":2,"retryReasons":[],"status":"passed","title":"should handle parallel gateway with multiple branches"},{"ancestorTitles":["JSON to BPMN XML - Edge Cases"],"duration":0,"failureDetails":[],"failureMessages":[],"fullName":"JSON to BPMN XML - Edge Cases should handle long process names with unicode","invocations":1,"location":null,"numPassingAsserts":3,"retryReasons":[],"status":"passed","title":"should handle long process names with unicode"},{"ancestorTitles":["JSON to BPMN XML - Activity Generation","generateActivities"],"duration":1,"failureDetails":[],"failureMessages":[],"fullName":"JSON to BPMN XML - Activity Generation generateActivities should generate activities for all nodes","invocations":1,"location":null,"numPassingAsserts":6,"retryReasons":[],"status":"passed","title":"should generate activities for all nodes"},{"ancestorTitles":["JSON to BPMN XML - Activity Generation","generateActivities"],"duration":1,"failureDetails":[],"failureMessages":[],"fullName":"JSON to BPMN XML - Activity Generation generateActivities should assign correct BPMN types","invocations":1,"location":null,"numPassingAsserts":4,"retryReasons":[],"status":"passed","title":"should assign correct BPMN types"},{"ancestorTitles":["JSON to BPMN XML - Activity Generation","generateActivities"],"duration":0,"failureDetails":[],"failureMessages":[],"fullName":"JSON to BPMN XML - Activity Generation generateActivities should assign keyword from mapping","invocations":1,"location":null,"numPassingAsserts":3,"retryReasons":[],"status":"passed","title":"should assign keyword from mapping"},{"ancestorTitles":["JSON to BPMN XML - Activity Generation","generateActivities"],"duration":1,"failureDetails":[],"failureMessages":[],"fullName":"JSON to BPMN XML - Activity Generation generateActivities should build properties from mapping","invocations":1,"location":null,"numPassingAsserts":4,"retryReasons":[],"status":"passed","title":"should build properties from mapping"},{"ancestorTitles":["JSON to BPMN XML - Activity Generation","generateActivities"],"duration":0,"failureDetails":[],"failureMessages":[],"fullName":"JSON to BPMN XML - Activity Generation generateActivities should convert input_bindings to arguments","invocations":1,"location":null,"numPassingAsserts":2,"retryReasons":[],"status":"passed","title":"should convert input_bindings to arguments"},{"ancestorTitles":["JSON to BPMN XML - Activity Generation","generateActivities"],"duration":1,"failureDetails":[],"failureMessages":[],"fullName":"JSON to BPMN XML - Activity Generation generateActivities should generate activities for conditional flows","invocations":1,"location":null,"numPassingAsserts":3,"retryReasons":[],"status":"passed","title":"should generate activities for conditional flows"},{"ancestorTitles":["JSON to BPMN XML - Activity Generation","generateActivities"],"duration":0,"failureDetails":[],"failureMessages":[],"fullName":"JSON to BPMN XML - Activity Generation generateActivities should handle nodes without mapping","invocations":1,"location":null,"numPassingAsserts":3,"retryReasons":[],"status":"passed","title":"should handle nodes without mapping"},{"ancestorTitles":["JSON to BPMN XML - convertJsonToProcess"],"duration":0,"failureDetails":[],"failureMessages":[],"fullName":"JSON to BPMN XML - convertJsonToProcess should return success with all data","invocations":1,"location":null,"numPassingAsserts":5,"retryReasons":[],"status":"passed","title":"should return success with all data"},{"ancestorTitles":["JSON to BPMN XML - convertJsonToProcess"],"duration":1,"failureDetails":[],"failureMessages":[],"fullName":"JSON to BPMN XML - convertJsonToProcess should return valid XML","invocations":1,"location":null,"numPassingAsserts":4,"retryReasons":[],"status":"passed","title":"should return valid XML"},{"ancestorTitles":["JSON to BPMN XML - convertJsonToProcess"],"duration":1,"failureDetails":[],"failureMessages":[],"fullName":"JSON to BPMN XML - convertJsonToProcess should return activities with correct count","invocations":1,"location":null,"numPassingAsserts":1,"retryReasons":[],"status":"passed","title":"should return activities with correct count"},{"ancestorTitles":["JSON to BPMN XML - convertJsonToProcess"],"duration":0,"failureDetails":[],"failureMessages":[],"fullName":"JSON to BPMN XML - convertJsonToProcess should return activities with mapped keywords","invocations":1,"location":null,"numPassingAsserts":2,"retryReasons":[],"status":"passed","title":"should return activities with mapped keywords"},{"ancestorTitles":["JSON to BPMN XML - convertJsonToProcess"],"duration":1,"failureDetails":[],"failureMessages":[],"fullName":"JSON to BPMN XML - convertJsonToProcess should return empty variables array (placeholder)","invocations":1,"location":null,"numPassingAsserts":1,"retryReasons":[],"status":"passed","title":"should return empty variables array (placeholder)"},{"ancestorTitles":["JSON to BPMN XML - convertJsonToProcess"],"duration":1,"failureDetails":[],"failureMessages":[],"fullName":"JSON to BPMN XML - convertJsonToProcess should return errors for invalid data","invocations":1,"location":null,"numPassingAsserts":5,"retryReasons":[],"status":"passed","title":"should return errors for invalid data"},{"ancestorTitles":["JSON to BPMN XML - convertJsonToProcess"],"duration":1,"failureDetails":[],"failureMessages":[],"fullName":"JSON to BPMN XML - convertJsonToProcess should accept layout options","invocations":1,"location":null,"numPassingAsserts":2,"retryReasons":[],"status":"passed","title":"should accept layout options"},{"ancestorTitles":["JSON to BPMN XML - Improved Layout (No Overlap)"],"duration":1,"failureDetails":[],"failureMessages":[],"fullName":"JSON to BPMN XML - Improved Layout (No Overlap) should position branch nodes at different Y levels","invocations":1,"location":null,"numPassingAsserts":4,"retryReasons":[],"status":"passed","title":"should position branch nodes at different Y levels"},{"ancestorTitles":["JSON to BPMN XML - Improved Layout (No Overlap)"],"duration":1,"failureDetails":[],"failureMessages":[],"fullName":"JSON to BPMN XML - Improved Layout (No Overlap) should position three-way branches without overlap","invocations":1,"location":null,"numPassingAsserts":4,"retryReasons":[],"status":"passed","title":"should position three-way branches without overlap"},{"ancestorTitles":["JSON to BPMN XML - Improved Layout (No Overlap)"],"duration":0,"failureDetails":[],"failureMessages":[],"fullName":"JSON to BPMN XML - Improved Layout (No Overlap) should center join gateway between incoming branches","invocations":1,"location":null,"numPassingAsserts":4,"retryReasons":[],"status":"passed","title":"should center join gateway between incoming branches"},{"ancestorTitles":["JSON to BPMN XML - SubProcesses (Simple to Complex)"],"duration":0,"failureDetails":[{"matcherResult":{"message":"\u001b[2mexpect(\u001b[22m\u001b[31mreceived\u001b[39m\u001b[2m).\u001b[22mtoContain\u001b[2m(\u001b[22m\u001b[32mexpected\u001b[39m\u001b[2m) // indexOf\u001b[22m\n\nExpected substring: \u001b[32m\"<bpmn:subProcess\"\u001b[39m\nReceived string:    \u001b[31m\"<?xml version=\\\"1.0\\\" encoding=\\\"UTF-8\\\"?>\u001b[39m\n\u001b[31m<bpmn:definitions xmlns:xsi=\\\"http://www.w3.org/2001/XMLSchema-instance\\\" xmlns:bpmn=\\\"http://www.omg.org/spec/BPMN/20100524/MODEL\\\" xmlns:bpmndi=\\\"http://www.omg.org/spec/BPMN/20100524/DI\\\" xmlns:dc=\\\"http://www.omg.org/spec/DD/20100524/DC\\\" xmlns:di=\\\"http://www.omg.org/spec/DD/20100524/DI\\\" id=\\\"Definitions_mmu1dco7\\\" targetNamespace=\\\"http://bpmn.io/schema/bpmn\\\" exporter=\\\"bpmn-js (https://demo.bpmn.io)\\\" exporterVersion=\\\"17.0.0\\\">\u001b[39m\n\u001b[31m  <bpmn:process id=\\\"Process_mmu1dco7\\\" isExecutable=\\\"false\\\">\u001b[39m\n\u001b[31m    <bpmn:startEvent id=\\\"s1\\\" name=\\\"Start\\\">\u001b[39m\n\u001b[31m      <bpmn:outgoing>Flow_s1_n1</bpmn:outgoing>\u001b[39m\n\u001b[31m    </bpmn:startEvent>\u001b[39m\n\u001b[31m    <bpmn:task id=\\\"n1\\\" name=\\\"Task 1\\\">\u001b[39m\n\u001b[31m      <bpmn:incoming>Flow_s1_n1</bpmn:incoming>\u001b[39m\n\u001b[31m      <bpmn:outgoing>Flow_n1_e1</bpmn:outgoing>\u001b[39m\n\u001b[31m    </bpmn:task>\u001b[39m\n\u001b[31m    <bpmn:endEvent id=\\\"e1\\\" name=\\\"End\\\">\u001b[39m\n\u001b[31m      <bpmn:incoming>Flow_n1_e1</bpmn:incoming>\u001b[39m\n\u001b[31m    </bpmn:endEvent>\u001b[39m\n\u001b[31m    <bpmn:sequenceFlow id=\\\"Flow_s1_n1\\\" sourceRef=\\\"s1\\\" targetRef=\\\"n1\\\" />\u001b[39m\n\u001b[31m    <bpmn:sequenceFlow id=\\\"Flow_n1_e1\\\" sourceRef=\\\"n1\\\" targetRef=\\\"e1\\\" />\u001b[39m\n\u001b[31m  </bpmn:process>\u001b[39m\n\u001b[31m  <bpmndi:BPMNDiagram id=\\\"BPMNDiagram_mmu1dco7\\\">\u001b[39m\n\u001b[31m    <bpmndi:BPMNPlane id=\\\"BPMNPlane_mmu1dco7\\\" bpmnElement=\\\"Process_mmu1dco7\\\">\u001b[39m\n\u001b[31m      <bpmndi:BPMNShape id=\\\"s1_di\\\" bpmnElement=\\\"s1\\\">\u001b[39m\n\u001b[31m        <dc:Bounds x=\\\"200\\\" y=\\\"200\\\" width=\\\"36\\\" height=\\\"36\\\" />\u001b[39m\n\u001b[31m        <bpmndi:BPMNLabel>\u001b[39m\n\u001b[31m          <dc:Bounds x=\\\"190\\\" y=\\\"241\\\" width=\\\"56\\\" height=\\\"14\\\" />\u001b[39m\n\u001b[31m        </bpmndi:BPMNLabel>\u001b[39m\n\u001b[31m      </bpmndi:BPMNShape>\u001b[39m\n\u001b[31m      <bpmndi:BPMNShape id=\\\"n1_di\\\" bpmnElement=\\\"n1\\\">\u001b[39m\n\u001b[31m        <dc:Bounds x=\\\"380\\\" y=\\\"200\\\" width=\\\"100\\\" height=\\\"80\\\" />\u001b[39m\n\u001b[31m      </bpmndi:BPMNShape>\u001b[39m\n\u001b[31m      <bpmndi:BPMNShape id=\\\"e1_di\\\" bpmnElement=\\\"e1\\\">\u001b[39m\n\u001b[31m        <dc:Bounds x=\\\"560\\\" y=\\\"200\\\" width=\\\"36\\\" height=\\\"36\\\" />\u001b[39m\n\u001b[31m        <bpmndi:BPMNLabel>\u001b[39m\n\u001b[31m          <dc:Bounds x=\\\"550\\\" y=\\\"241\\\" width=\\\"56\\\" height=\\\"14\\\" />\u001b[39m\n\u001b[31m        </bpmndi:BPMNLabel>\u001b[39m\n\u001b[31m      </bpmndi:BPMNShape>\u001b[39m\n\u001b[31m      <bpmndi:BPMNEdge id=\\\"Flow_s1_n1_di\\\" bpmnElement=\\\"Flow_s1_n1\\\">\u001b[39m\n\u001b[31m        <di:waypoint x=\\\"236\\\" y=\\\"218\\\" />\u001b[39m\n\u001b[31m        <di:waypoint x=\\\"380\\\" y=\\\"240\\\" />\u001b[39m\n\u001b[31m      </bpmndi:BPMNEdge>\u001b[39m\n\u001b[31m      <bpmndi:BPMNEdge id=\\\"Flow_n1_e1_di\\\" bpmnElement=\\\"Flow_n1_e1\\\">\u001b[39m\n\u001b[31m        <di:waypoint x=\\\"480\\\" y=\\\"240\\\" />\u001b[39m\n\u001b[31m        <di:waypoint x=\\\"560\\\" y=\\\"218\\\" />\u001b[39m\n\u001b[31m      </bpmndi:BPMNEdge>\u001b[39m\n\u001b[31m    </bpmndi:BPMNPlane>\u001b[39m\n\u001b[31m  </bpmndi:BPMNDiagram>\u001b[39m\n\u001b[31m</bpmn:definitions>\u001b[39m\n\u001b[31m\"\u001b[39m","pass":false}}],"failureMessages":["Error: \u001b[2mexpect(\u001b[22m\u001b[31mreceived\u001b[39m\u001b[2m).\u001b[22mtoContain\u001b[2m(\u001b[22m\u001b[32mexpected\u001b[39m\u001b[2m) // indexOf\u001b[22m\n\nExpected substring: \u001b[32m\"<bpmn:subProcess\"\u001b[39m\nReceived string:    \u001b[31m\"<?xml version=\\\"1.0\\\" encoding=\\\"UTF-8\\\"?>\u001b[39m\n\u001b[31m<bpmn:definitions xmlns:xsi=\\\"http://www.w3.org/2001/XMLSchema-instance\\\" xmlns:bpmn=\\\"http://www.omg.org/spec/BPMN/20100524/MODEL\\\" xmlns:bpmndi=\\\"http://www.omg.org/spec/BPMN/20100524/DI\\\" xmlns:dc=\\\"http://www.omg.org/spec/DD/20100524/DC\\\" xmlns:di=\\\"http://www.omg.org/spec/DD/20100524/DI\\\" id=\\\"Definitions_mmu1dco7\\\" targetNamespace=\\\"http://bpmn.io/schema/bpmn\\\" exporter=\\\"bpmn-js (https://demo.bpmn.io)\\\" exporterVersion=\\\"17.0.0\\\">\u001b[39m\n\u001b[31m  <bpmn:process id=\\\"Process_mmu1dco7\\\" isExecutable=\\\"false\\\">\u001b[39m\n\u001b[31m    <bpmn:startEvent id=\\\"s1\\\" name=\\\"Start\\\">\u001b[39m\n\u001b[31m      <bpmn:outgoing>Flow_s1_n1</bpmn:outgoing>\u001b[39m\n\u001b[31m    </bpmn:startEvent>\u001b[39m\n\u001b[31m    <bpmn:task id=\\\"n1\\\" name=\\\"Task 1\\\">\u001b[39m\n\u001b[31m      <bpmn:incoming>Flow_s1_n1</bpmn:incoming>\u001b[39m\n\u001b[31m      <bpmn:outgoing>Flow_n1_e1</bpmn:outgoing>\u001b[39m\n\u001b[31m    </bpmn:task>\u001b[39m\n\u001b[31m    <bpmn:endEvent id=\\\"e1\\\" name=\\\"End\\\">\u001b[39m\n\u001b[31m      <bpmn:incoming>Flow_n1_e1</bpmn:incoming>\u001b[39m\n\u001b[31m    </bpmn:endEvent>\u001b[39m\n\u001b[31m    <bpmn:sequenceFlow id=\\\"Flow_s1_n1\\\" sourceRef=\\\"s1\\\" targetRef=\\\"n1\\\" />\u001b[39m\n\u001b[31m    <bpmn:sequenceFlow id=\\\"Flow_n1_e1\\\" sourceRef=\\\"n1\\\" targetRef=\\\"e1\\\" />\u001b[39m\n\u001b[31m  </bpmn:process>\u001b[39m\n\u001b[31m  <bpmndi:BPMNDiagram id=\\\"BPMNDiagram_mmu1dco7\\\">\u001b[39m\n\u001b[31m    <bpmndi:BPMNPlane id=\\\"BPMNPlane_mmu1dco7\\\" bpmnElement=\\\"Process_mmu1dco7\\\">\u001b[39m\n\u001b[31m      <bpmndi:BPMNShape id=\\\"s1_di\\\" bpmnElement=\\\"s1\\\">\u001b[39m\n\u001b[31m        <dc:Bounds x=\\\"200\\\" y=\\\"200\\\" width=\\\"36\\\" height=\\\"36\\\" />\u001b[39m\n\u001b[31m        <bpmndi:BPMNLabel>\u001b[39m\n\u001b[31m          <dc:Bounds x=\\\"190\\\" y=\\\"241\\\" width=\\\"56\\\" height=\\\"14\\\" />\u001b[39m\n\u001b[31m        </bpmndi:BPMNLabel>\u001b[39m\n\u001b[31m      </bpmndi:BPMNShape>\u001b[39m\n\u001b[31m      <bpmndi:BPMNShape id=\\\"n1_di\\\" bpmnElement=\\\"n1\\\">\u001b[39m\n\u001b[31m        <dc:Bounds x=\\\"380\\\" y=\\\"200\\\" width=\\\"100\\\" height=\\\"80\\\" />\u001b[39m\n\u001b[31m      </bpmndi:BPMNShape>\u001b[39m\n\u001b[31m      <bpmndi:BPMNShape id=\\\"e1_di\\\" bpmnElement=\\\"e1\\\">\u001b[39m\n\u001b[31m        <dc:Bounds x=\\\"560\\\" y=\\\"200\\\" width=\\\"36\\\" height=\\\"36\\\" />\u001b[39m\n\u001b[31m        <bpmndi:BPMNLabel>\u001b[39m\n\u001b[31m          <dc:Bounds x=\\\"550\\\" y=\\\"241\\\" width=\\\"56\\\" height=\\\"14\\\" />\u001b[39m\n\u001b[31m        </bpmndi:BPMNLabel>\u001b[39m\n\u001b[31m      </bpmndi:BPMNShape>\u001b[39m\n\u001b[31m      <bpmndi:BPMNEdge id=\\\"Flow_s1_n1_di\\\" bpmnElement=\\\"Flow_s1_n1\\\">\u001b[39m\n\u001b[31m        <di:waypoint x=\\\"236\\\" y=\\\"218\\\" />\u001b[39m\n\u001b[31m        <di:waypoint x=\\\"380\\\" y=\\\"240\\\" />\u001b[39m\n\u001b[31m      </bpmndi:BPMNEdge>\u001b[39m\n\u001b[31m      <bpmndi:BPMNEdge id=\\\"Flow_n1_e1_di\\\" bpmnElement=\\\"Flow_n1_e1\\\">\u001b[39m\n\u001b[31m        <di:waypoint x=\\\"480\\\" y=\\\"240\\\" />\u001b[39m\n\u001b[31m        <di:waypoint x=\\\"560\\\" y=\\\"218\\\" />\u001b[39m\n\u001b[31m      </bpmndi:BPMNEdge>\u001b[39m\n\u001b[31m    </bpmndi:BPMNPlane>\u001b[39m\n\u001b[31m  </bpmndi:BPMNDiagram>\u001b[39m\n\u001b[31m</bpmn:definitions>\u001b[39m\n\u001b[31m\"\u001b[39m\n    at Object.toContain (C:\\Users\\Admin\\Desktop\\edu-rpa-frontend\\__test__\\json-to-bpmn-xml.util.test.ts:1338:17)\n    at Promise.then.completed (C:\\Users\\Admin\\Desktop\\edu-rpa-frontend\\node_modules\\jest-circus\\build\\utils.js:298:28)\n    at new Promise (<anonymous>)\n    at callAsyncCircusFn (C:\\Users\\Admin\\Desktop\\edu-rpa-frontend\\node_modules\\jest-circus\\build\\utils.js:231:10)\n    at _callCircusTest (C:\\Users\\Admin\\Desktop\\edu-rpa-frontend\\node_modules\\jest-circus\\build\\run.js:316:40)\n    at _runTest (C:\\Users\\Admin\\Desktop\\edu-rpa-frontend\\node_modules\\jest-circus\\build\\run.js:252:3)\n    at _runTestsForDescribeBlock (C:\\Users\\Admin\\Desktop\\edu-rpa-frontend\\node_modules\\jest-circus\\build\\run.js:126:9)\n    at _runTestsForDescribeBlock (C:\\Users\\Admin\\Desktop\\edu-rpa-frontend\\node_modules\\jest-circus\\build\\run.js:121:9)\n    at run (C:\\Users\\Admin\\Desktop\\edu-rpa-frontend\\node_modules\\jest-circus\\build\\run.js:71:3)\n    at runAndTransformResultsToJestFormat (C:\\Users\\Admin\\Desktop\\edu-rpa-frontend\\node_modules\\jest-circus\\build\\legacy-code-todo-rewrite\\jestAdapterInit.js:122:21)\n    at jestAdapter (C:\\Users\\Admin\\Desktop\\edu-rpa-frontend\\node_modules\\jest-circus\\build\\legacy-code-todo-rewrite\\jestAdapter.js:79:19)\n    at runTestInternal (C:\\Users\\Admin\\Desktop\\edu-rpa-frontend\\node_modules\\jest-runner\\build\\runTest.js:367:16)\n    at runTest (C:\\Users\\Admin\\Desktop\\edu-rpa-frontend\\node_modules\\jest-runner\\build\\runTest.js:444:34)"],"fullName":"JSON to BPMN XML - SubProcesses (Simple to Complex) should handle simple subprocess","invocations":1,"location":null,"numPassingAsserts":0,"retryReasons":[],"status":"failed","title":"should handle simple subprocess"},{"ancestorTitles":["JSON to BPMN XML - SubProcesses (Simple to Complex)"],"duration":0,"failureDetails":[{"matcherResult":{"message":"\u001b[2mexpect(\u001b[22m\u001b[31mreceived\u001b[39m\u001b[2m).\u001b[22mtoContain\u001b[2m(\u001b[22m\u001b[32mexpected\u001b[39m\u001b[2m) // indexOf\u001b[22m\n\nExpected substring: \u001b[32m\"<bpmn:subProcess\"\u001b[39m\nReceived string:    \u001b[31m\"<?xml version=\\\"1.0\\\" encoding=\\\"UTF-8\\\"?>\u001b[39m\n\u001b[31m<bpmn:definitions xmlns:xsi=\\\"http://www.w3.org/2001/XMLSchema-instance\\\" xmlns:bpmn=\\\"http://www.omg.org/spec/BPMN/20100524/MODEL\\\" xmlns:bpmndi=\\\"http://www.omg.org/spec/BPMN/20100524/DI\\\" xmlns:dc=\\\"http://www.omg.org/spec/DD/20100524/DC\\\" xmlns:di=\\\"http://www.omg.org/spec/DD/20100524/DI\\\" id=\\\"Definitions_mmu1dco8\\\" targetNamespace=\\\"http://bpmn.io/schema/bpmn\\\" exporter=\\\"bpmn-js (https://demo.bpmn.io)\\\" exporterVersion=\\\"17.0.0\\\">\u001b[39m\n\u001b[31m  <bpmn:process id=\\\"Process_mmu1dco8\\\" isExecutable=\\\"false\\\">\u001b[39m\n\u001b[31m    <bpmn:startEvent id=\\\"s1\\\" name=\\\"Start\\\">\u001b[39m\n\u001b[31m      <bpmn:outgoing>Flow_s1_n1</bpmn:outgoing>\u001b[39m\n\u001b[31m    </bpmn:startEvent>\u001b[39m\n\u001b[31m    <bpmn:exclusiveGateway id=\\\"n1\\\" name=\\\"Decision\\\">\u001b[39m\n\u001b[31m      <bpmn:incoming>Flow_s1_n1</bpmn:incoming>\u001b[39m\n\u001b[31m      <bpmn:outgoing>Flow_n1_n2</bpmn:outgoing>\u001b[39m\n\u001b[31m      <bpmn:outgoing>Flow_n1_n3</bpmn:outgoing>\u001b[39m\n\u001b[31m    </bpmn:exclusiveGateway>\u001b[39m\n\u001b[31m    <bpmn:task id=\\\"n2\\\" name=\\\"Path A\\\">\u001b[39m\n\u001b[31m      <bpmn:incoming>Flow_n1_n2</bpmn:incoming>\u001b[39m\n\u001b[31m      <bpmn:outgoing>Flow_n2_n4</bpmn:outgoing>\u001b[39m\n\u001b[31m    </bpmn:task>\u001b[39m\n\u001b[31m    <bpmn:task id=\\\"n3\\\" name=\\\"Path B\\\">\u001b[39m\n\u001b[31m      <bpmn:incoming>Flow_n1_n3</bpmn:incoming>\u001b[39m\n\u001b[31m      <bpmn:outgoing>Flow_n3_n4</bpmn:outgoing>\u001b[39m\n\u001b[31m    </bpmn:task>\u001b[39m\n\u001b[31m    <bpmn:exclusiveGateway id=\\\"n4\\\" name=\\\"Join\\\">\u001b[39m\n\u001b[31m      <bpmn:incoming>Flow_n2_n4</bpmn:incoming>\u001b[39m\n\u001b[31m      <bpmn:incoming>Flow_n3_n4</bpmn:incoming>\u001b[39m\n\u001b[31m      <bpmn:outgoing>Flow_n4_e1</bpmn:outgoing>\u001b[39m\n\u001b[31m    </bpmn:exclusiveGateway>\u001b[39m\n\u001b[31m    <bpmn:endEvent id=\\\"e1\\\" name=\\\"End\\\">\u001b[39m\n\u001b[31m      <bpmn:incoming>Flow_n4_e1</bpmn:incoming>\u001b[39m\n\u001b[31m    </bpmn:endEvent>\u001b[39m\n\u001b[31m    <bpmn:sequenceFlow id=\\\"Flow_s1_n1\\\" sourceRef=\\\"s1\\\" targetRef=\\\"n1\\\" />\u001b[39m\n\u001b[31m    <bpmn:sequenceFlow id=\\\"Flow_n1_n2\\\" sourceRef=\\\"n1\\\" targetRef=\\\"n2\\\" name=\\\"Yes\\\">\u001b[39m\n\u001b[31m      <bpmn:conditionExpression xsi:type=\\\"bpmn:tFormalExpression\\\">Yes</bpmn:conditionExpression>\u001b[39m\n\u001b[31m    </bpmn:sequenceFlow>\u001b[39m\n\u001b[31m    <bpmn:sequenceFlow id=\\\"Flow_n1_n3\\\" sourceRef=\\\"n1\\\" targetRef=\\\"n3\\\" name=\\\"No\\\">\u001b[39m\n\u001b[31m      <bpmn:conditionExpression xsi:type=\\\"bpmn:tFormalExpression\\\">No</bpmn:conditionExpression>\u001b[39m\n\u001b[31m    </bpmn:sequenceFlow>\u001b[39m\n\u001b[31m    <bpmn:sequenceFlow id=\\\"Flow_n2_n4\\\" sourceRef=\\\"n2\\\" targetRef=\\\"n4\\\" />\u001b[39m\n\u001b[31m    <bpmn:sequenceFlow id=\\\"Flow_n3_n4\\\" sourceRef=\\\"n3\\\" targetRef=\\\"n4\\\" />\u001b[39m\n\u001b[31m    <bpmn:sequenceFlow id=\\\"Flow_n4_e1\\\" sourceRef=\\\"n4\\\" targetRef=\\\"e1\\\" />\u001b[39m\n\u001b[31m  </bpmn:process>\u001b[39m\n\u001b[31m  <bpmndi:BPMNDiagram id=\\\"BPMNDiagram_mmu1dco8\\\">\u001b[39m\n\u001b[31m    <bpmndi:BPMNPlane id=\\\"BPMNPlane_mmu1dco8\\\" bpmnElement=\\\"Process_mmu1dco8\\\">\u001b[39m\n\u001b[31m      <bpmndi:BPMNShape id=\\\"s1_di\\\" bpmnElement=\\\"s1\\\">\u001b[39m\n\u001b[31m        <dc:Bounds x=\\\"200\\\" y=\\\"200\\\" width=\\\"36\\\" height=\\\"36\\\" />\u001b[39m\n\u001b[31m        <bpmndi:BPMNLabel>\u001b[39m\n\u001b[31m          <dc:Bounds x=\\\"190\\\" y=\\\"241\\\" width=\\\"56\\\" height=\\\"14\\\" />\u001b[39m\n\u001b[31m        </bpmndi:BPMNLabel>\u001b[39m\n\u001b[31m      </bpmndi:BPMNShape>\u001b[39m\n\u001b[31m      <bpmndi:BPMNShape id=\\\"n1_di\\\" bpmnElement=\\\"n1\\\">\u001b[39m\n\u001b[31m        <dc:Bounds x=\\\"380\\\" y=\\\"200\\\" width=\\\"50\\\" height=\\\"50\\\" />\u001b[39m\n\u001b[31m        <bpmndi:BPMNLabel>\u001b[39m\n\u001b[31m          <dc:Bounds x=\\\"370\\\" y=\\\"255\\\" width=\\\"70\\\" height=\\\"14\\\" />\u001b[39m\n\u001b[31m        </bpmndi:BPMNLabel>\u001b[39m\n\u001b[31m      </bpmndi:BPMNShape>\u001b[39m\n\u001b[31m      <bpmndi:BPMNShape id=\\\"n2_di\\\" bpmnElement=\\\"n2\\\">\u001b[39m\n\u001b[31m        <dc:Bounds x=\\\"560\\\" y=\\\"200\\\" width=\\\"100\\\" height=\\\"80\\\" />\u001b[39m\n\u001b[31m      </bpmndi:BPMNShape>\u001b[39m\n\u001b[31m      <bpmndi:BPMNShape id=\\\"n3_di\\\" bpmnElement=\\\"n3\\\">\u001b[39m\n\u001b[31m        <dc:Bounds x=\\\"560\\\" y=\\\"340\\\" width=\\\"100\\\" height=\\\"80\\\" />\u001b[39m\n\u001b[31m      </bpmndi:BPMNShape>\u001b[39m\n\u001b[31m      <bpmndi:BPMNShape id=\\\"n4_di\\\" bpmnElement=\\\"n4\\\">\u001b[39m\n\u001b[31m        <dc:Bounds x=\\\"740\\\" y=\\\"270\\\" width=\\\"50\\\" height=\\\"50\\\" />\u001b[39m\n\u001b[31m        <bpmndi:BPMNLabel>\u001b[39m\n\u001b[31m          <dc:Bounds x=\\\"730\\\" y=\\\"325\\\" width=\\\"70\\\" height=\\\"14\\\" />\u001b[39m\n\u001b[31m        </bpmndi:BPMNLabel>\u001b[39m\n\u001b[31m      </bpmndi:BPMNShape>\u001b[39m\n\u001b[31m      <bpmndi:BPMNShape id=\\\"e1_di\\\" bpmnElement=\\\"e1\\\">\u001b[39m\n\u001b[31m        <dc:Bounds x=\\\"920\\\" y=\\\"200\\\" width=\\\"36\\\" height=\\\"36\\\" />\u001b[39m\n\u001b[31m        <bpmndi:BPMNLabel>\u001b[39m\n\u001b[31m          <dc:Bounds x=\\\"910\\\" y=\\\"241\\\" width=\\\"56\\\" height=\\\"14\\\" />\u001b[39m\n\u001b[31m        </bpmndi:BPMNLabel>\u001b[39m\n\u001b[31m      </bpmndi:BPMNShape>\u001b[39m\n\u001b[31m      <bpmndi:BPMNEdge id=\\\"Flow_s1_n1_di\\\" bpmnElement=\\\"Flow_s1_n1\\\">\u001b[39m\n\u001b[31m        <di:waypoint x=\\\"236\\\" y=\\\"218\\\" />\u001b[39m\n\u001b[31m        <di:waypoint x=\\\"380\\\" y=\\\"225\\\" />\u001b[39m\n\u001b[31m      </bpmndi:BPMNEdge>\u001b[39m\n\u001b[31m      <bpmndi:BPMNEdge id=\\\"Flow_n1_n2_di\\\" bpmnElement=\\\"Flow_n1_n2\\\">\u001b[39m\n\u001b[31m        <di:waypoint x=\\\"430\\\" y=\\\"225\\\" />\u001b[39m\n\u001b[31m        <di:waypoint x=\\\"560\\\" y=\\\"240\\\" />\u001b[39m\n\u001b[31m        <bpmndi:BPMNLabel>\u001b[39m\n\u001b[31m          <dc:Bounds x=\\\"495\\\" y=\\\"218\\\" width=\\\"40\\\" height=\\\"14\\\" />\u001b[39m\n\u001b[31m        </bpmndi:BPMNLabel>\u001b[39m\n\u001b[31m      </bpmndi:BPMNEdge>\u001b[39m\n\u001b[31m      <bpmndi:BPMNEdge id=\\\"Flow_n1_n3_di\\\" bpmnElement=\\\"Flow_n1_n3\\\">\u001b[39m\n\u001b[31m        <di:waypoint x=\\\"430\\\" y=\\\"225\\\" />\u001b[39m\n\u001b[31m        <di:waypoint x=\\\"470\\\" y=\\\"225\\\" />\u001b[39m\n\u001b[31m        <di:waypoint x=\\\"470\\\" y=\\\"380\\\" />\u001b[39m\n\u001b[31m        <di:waypoint x=\\\"560\\\" y=\\\"380\\\" />\u001b[39m\n\u001b[31m        <bpmndi:BPMNLabel>\u001b[39m\n\u001b[31m          <dc:Bounds x=\\\"495\\\" y=\\\"288\\\" width=\\\"40\\\" height=\\\"14\\\" />\u001b[39m\n\u001b[31m        </bpmndi:BPMNLabel>\u001b[39m\n\u001b[31m      </bpmndi:BPMNEdge>\u001b[39m\n\u001b[31m      <bpmndi:BPMNEdge id=\\\"Flow_n2_n4_di\\\" bpmnElement=\\\"Flow_n2_n4\\\">\u001b[39m\n\u001b[31m        <di:waypoint x=\\\"660\\\" y=\\\"240\\\" />\u001b[39m\n\u001b[31m        <di:waypoint x=\\\"700\\\" y=\\\"240\\\" />\u001b[39m\n\u001b[31m        <di:waypoint x=\\\"700\\\" y=\\\"295\\\" />\u001b[39m\n\u001b[31m        <di:waypoint x=\\\"740\\\" y=\\\"295\\\" />\u001b[39m\n\u001b[31m      </bpmndi:BPMNEdge>\u001b[39m\n\u001b[31m      <bpmndi:BPMNEdge id=\\\"Flow_n3_n4_di\\\" bpmnElement=\\\"Flow_n3_n4\\\">\u001b[39m\n\u001b[31m        <di:waypoint x=\\\"660\\\" y=\\\"380\\\" />\u001b[39m\n\u001b[31m        <di:waypoint x=\\\"700\\\" y=\\\"380\\\" />\u001b[39m\n\u001b[31m        <di:waypoint x=\\\"700\\\" y=\\\"295\\\" />\u001b[39m\n\u001b[31m        <di:waypoint x=\\\"740\\\" y=\\\"295\\\" />\u001b[39m\n\u001b[31m      </bpmndi:BPMNEdge>\u001b[39m\n\u001b[31m      <bpmndi:BPMNEdge id=\\\"Flow_n4_e1_di\\\" bpmnElement=\\\"Flow_n4_e1\\\">\u001b[39m\n\u001b[31m        <di:waypoint x=\\\"790\\\" y=\\\"295\\\" />\u001b[39m\n\u001b[31m        <di:waypoint x=\\\"855\\\" y=\\\"295\\\" />\u001b[39m\n\u001b[31m        <di:waypoint x=\\\"855\\\" y=\\\"218\\\" />\u001b[39m\n\u001b[31m        <di:waypoint x=\\\"920\\\" y=\\\"218\\\" />\u001b[39m\n\u001b[31m      </bpmndi:BPMNEdge>\u001b[39m\n\u001b[31m    </bpmndi:BPMNPlane>\u001b[39m\n\u001b[31m  </bpmndi:BPMNDiagram>\u001b[39m\n\u001b[31m</bpmn:definitions>\u001b[39m\n\u001b[31m\"\u001b[39m","pass":false}}],"failureMessages":["Error: \u001b[2mexpect(\u001b[22m\u001b[31mreceived\u001b[39m\u001b[2m).\u001b[22mtoContain\u001b[2m(\u001b[22m\u001b[32mexpected\u001b[39m\u001b[2m) // indexOf\u001b[22m\n\nExpected substring: \u001b[32m\"<bpmn:subProcess\"\u001b[39m\nReceived string:    \u001b[31m\"<?xml version=\\\"1.0\\\" encoding=\\\"UTF-8\\\"?>\u001b[39m\n\u001b[31m<bpmn:definitions xmlns:xsi=\\\"http://www.w3.org/2001/XMLSchema-instance\\\" xmlns:bpmn=\\\"http://www.omg.org/spec/BPMN/20100524/MODEL\\\" xmlns:bpmndi=\\\"http://www.omg.org/spec/BPMN/20100524/DI\\\" xmlns:dc=\\\"http://www.omg.org/spec/DD/20100524/DC\\\" xmlns:di=\\\"http://www.omg.org/spec/DD/20100524/DI\\\" id=\\\"Definitions_mmu1dco8\\\" targetNamespace=\\\"http://bpmn.io/schema/bpmn\\\" exporter=\\\"bpmn-js (https://demo.bpmn.io)\\\" exporterVersion=\\\"17.0.0\\\">\u001b[39m\n\u001b[31m  <bpmn:process id=\\\"Process_mmu1dco8\\\" isExecutable=\\\"false\\\">\u001b[39m\n\u001b[31m    <bpmn:startEvent id=\\\"s1\\\" name=\\\"Start\\\">\u001b[39m\n\u001b[31m      <bpmn:outgoing>Flow_s1_n1</bpmn:outgoing>\u001b[39m\n\u001b[31m    </bpmn:startEvent>\u001b[39m\n\u001b[31m    <bpmn:exclusiveGateway id=\\\"n1\\\" name=\\\"Decision\\\">\u001b[39m\n\u001b[31m      <bpmn:incoming>Flow_s1_n1</bpmn:incoming>\u001b[39m\n\u001b[31m      <bpmn:outgoing>Flow_n1_n2</bpmn:outgoing>\u001b[39m\n\u001b[31m      <bpmn:outgoing>Flow_n1_n3</bpmn:outgoing>\u001b[39m\n\u001b[31m    </bpmn:exclusiveGateway>\u001b[39m\n\u001b[31m    <bpmn:task id=\\\"n2\\\" name=\\\"Path A\\\">\u001b[39m\n\u001b[31m      <bpmn:incoming>Flow_n1_n2</bpmn:incoming>\u001b[39m\n\u001b[31m      <bpmn:outgoing>Flow_n2_n4</bpmn:outgoing>\u001b[39m\n\u001b[31m    </bpmn:task>\u001b[39m\n\u001b[31m    <bpmn:task id=\\\"n3\\\" name=\\\"Path B\\\">\u001b[39m\n\u001b[31m      <bpmn:incoming>Flow_n1_n3</bpmn:incoming>\u001b[39m\n\u001b[31m      <bpmn:outgoing>Flow_n3_n4</bpmn:outgoing>\u001b[39m\n\u001b[31m    </bpmn:task>\u001b[39m\n\u001b[31m    <bpmn:exclusiveGateway id=\\\"n4\\\" name=\\\"Join\\\">\u001b[39m\n\u001b[31m      <bpmn:incoming>Flow_n2_n4</bpmn:incoming>\u001b[39m\n\u001b[31m      <bpmn:incoming>Flow_n3_n4</bpmn:incoming>\u001b[39m\n\u001b[31m      <bpmn:outgoing>Flow_n4_e1</bpmn:outgoing>\u001b[39m\n\u001b[31m    </bpmn:exclusiveGateway>\u001b[39m\n\u001b[31m    <bpmn:endEvent id=\\\"e1\\\" name=\\\"End\\\">\u001b[39m\n\u001b[31m      <bpmn:incoming>Flow_n4_e1</bpmn:incoming>\u001b[39m\n\u001b[31m    </bpmn:endEvent>\u001b[39m\n\u001b[31m    <bpmn:sequenceFlow id=\\\"Flow_s1_n1\\\" sourceRef=\\\"s1\\\" targetRef=\\\"n1\\\" />\u001b[39m\n\u001b[31m    <bpmn:sequenceFlow id=\\\"Flow_n1_n2\\\" sourceRef=\\\"n1\\\" targetRef=\\\"n2\\\" name=\\\"Yes\\\">\u001b[39m\n\u001b[31m      <bpmn:conditionExpression xsi:type=\\\"bpmn:tFormalExpression\\\">Yes</bpmn:conditionExpression>\u001b[39m\n\u001b[31m    </bpmn:sequenceFlow>\u001b[39m\n\u001b[31m    <bpmn:sequenceFlow id=\\\"Flow_n1_n3\\\" sourceRef=\\\"n1\\\" targetRef=\\\"n3\\\" name=\\\"No\\\">\u001b[39m\n\u001b[31m      <bpmn:conditionExpression xsi:type=\\\"bpmn:tFormalExpression\\\">No</bpmn:conditionExpression>\u001b[39m\n\u001b[31m    </bpmn:sequenceFlow>\u001b[39m\n\u001b[31m    <bpmn:sequenceFlow id=\\\"Flow_n2_n4\\\" sourceRef=\\\"n2\\\" targetRef=\\\"n4\\\" />\u001b[39m\n\u001b[31m    <bpmn:sequenceFlow id=\\\"Flow_n3_n4\\\" sourceRef=\\\"n3\\\" targetRef=\\\"n4\\\" />\u001b[39m\n\u001b[31m    <bpmn:sequenceFlow id=\\\"Flow_n4_e1\\\" sourceRef=\\\"n4\\\" targetRef=\\\"e1\\\" />\u001b[39m\n\u001b[31m  </bpmn:process>\u001b[39m\n\u001b[31m  <bpmndi:BPMNDiagram id=\\\"BPMNDiagram_mmu1dco8\\\">\u001b[39m\n\u001b[31m    <bpmndi:BPMNPlane id=\\\"BPMNPlane_mmu1dco8\\\" bpmnElement=\\\"Process_mmu1dco8\\\">\u001b[39m\n\u001b[31m      <bpmndi:BPMNShape id=\\\"s1_di\\\" bpmnElement=\\\"s1\\\">\u001b[39m\n\u001b[31m        <dc:Bounds x=\\\"200\\\" y=\\\"200\\\" width=\\\"36\\\" height=\\\"36\\\" />\u001b[39m\n\u001b[31m        <bpmndi:BPMNLabel>\u001b[39m\n\u001b[31m          <dc:Bounds x=\\\"190\\\" y=\\\"241\\\" width=\\\"56\\\" height=\\\"14\\\" />\u001b[39m\n\u001b[31m        </bpmndi:BPMNLabel>\u001b[39m\n\u001b[31m      </bpmndi:BPMNShape>\u001b[39m\n\u001b[31m      <bpmndi:BPMNShape id=\\\"n1_di\\\" bpmnElement=\\\"n1\\\">\u001b[39m\n\u001b[31m        <dc:Bounds x=\\\"380\\\" y=\\\"200\\\" width=\\\"50\\\" height=\\\"50\\\" />\u001b[39m\n\u001b[31m        <bpmndi:BPMNLabel>\u001b[39m\n\u001b[31m          <dc:Bounds x=\\\"370\\\" y=\\\"255\\\" width=\\\"70\\\" height=\\\"14\\\" />\u001b[39m\n\u001b[31m        </bpmndi:BPMNLabel>\u001b[39m\n\u001b[31m      </bpmndi:BPMNShape>\u001b[39m\n\u001b[31m      <bpmndi:BPMNShape id=\\\"n2_di\\\" bpmnElement=\\\"n2\\\">\u001b[39m\n\u001b[31m        <dc:Bounds x=\\\"560\\\" y=\\\"200\\\" width=\\\"100\\\" height=\\\"80\\\" />\u001b[39m\n\u001b[31m      </bpmndi:BPMNShape>\u001b[39m\n\u001b[31m      <bpmndi:BPMNShape id=\\\"n3_di\\\" bpmnElement=\\\"n3\\\">\u001b[39m\n\u001b[31m        <dc:Bounds x=\\\"560\\\" y=\\\"340\\\" width=\\\"100\\\" height=\\\"80\\\" />\u001b[39m\n\u001b[31m      </bpmndi:BPMNShape>\u001b[39m\n\u001b[31m      <bpmndi:BPMNShape id=\\\"n4_di\\\" bpmnElement=\\\"n4\\\">\u001b[39m\n\u001b[31m        <dc:Bounds x=\\\"740\\\" y=\\\"270\\\" width=\\\"50\\\" height=\\\"50\\\" />\u001b[39m\n\u001b[31m        <bpmndi:BPMNLabel>\u001b[39m\n\u001b[31m          <dc:Bounds x=\\\"730\\\" y=\\\"325\\\" width=\\\"70\\\" height=\\\"14\\\" />\u001b[39m\n\u001b[31m        </bpmndi:BPMNLabel>\u001b[39m\n\u001b[31m      </bpmndi:BPMNShape>\u001b[39m\n\u001b[31m      <bpmndi:BPMNShape id=\\\"e1_di\\\" bpmnElement=\\\"e1\\\">\u001b[39m\n\u001b[31m        <dc:Bounds x=\\\"920\\\" y=\\\"200\\\" width=\\\"36\\\" height=\\\"36\\\" />\u001b[39m\n\u001b[31m        <bpmndi:BPMNLabel>\u001b[39m\n\u001b[31m          <dc:Bounds x=\\\"910\\\" y=\\\"241\\\" width=\\\"56\\\" height=\\\"14\\\" />\u001b[39m\n\u001b[31m        </bpmndi:BPMNLabel>\u001b[39m\n\u001b[31m      </bpmndi:BPMNShape>\u001b[39m\n\u001b[31m      <bpmndi:BPMNEdge id=\\\"Flow_s1_n1_di\\\" bpmnElement=\\\"Flow_s1_n1\\\">\u001b[39m\n\u001b[31m        <di:waypoint x=\\\"236\\\" y=\\\"218\\\" />\u001b[39m\n\u001b[31m        <di:waypoint x=\\\"380\\\" y=\\\"225\\\" />\u001b[39m\n\u001b[31m      </bpmndi:BPMNEdge>\u001b[39m\n\u001b[31m      <bpmndi:BPMNEdge id=\\\"Flow_n1_n2_di\\\" bpmnElement=\\\"Flow_n1_n2\\\">\u001b[39m\n\u001b[31m        <di:waypoint x=\\\"430\\\" y=\\\"225\\\" />\u001b[39m\n\u001b[31m        <di:waypoint x=\\\"560\\\" y=\\\"240\\\" />\u001b[39m\n\u001b[31m        <bpmndi:BPMNLabel>\u001b[39m\n\u001b[31m          <dc:Bounds x=\\\"495\\\" y=\\\"218\\\" width=\\\"40\\\" height=\\\"14\\\" />\u001b[39m\n\u001b[31m        </bpmndi:BPMNLabel>\u001b[39m\n\u001b[31m      </bpmndi:BPMNEdge>\u001b[39m\n\u001b[31m      <bpmndi:BPMNEdge id=\\\"Flow_n1_n3_di\\\" bpmnElement=\\\"Flow_n1_n3\\\">\u001b[39m\n\u001b[31m        <di:waypoint x=\\\"430\\\" y=\\\"225\\\" />\u001b[39m\n\u001b[31m        <di:waypoint x=\\\"470\\\" y=\\\"225\\\" />\u001b[39m\n\u001b[31m        <di:waypoint x=\\\"470\\\" y=\\\"380\\\" />\u001b[39m\n\u001b[31m        <di:waypoint x=\\\"560\\\" y=\\\"380\\\" />\u001b[39m\n\u001b[31m        <bpmndi:BPMNLabel>\u001b[39m\n\u001b[31m          <dc:Bounds x=\\\"495\\\" y=\\\"288\\\" width=\\\"40\\\" height=\\\"14\\\" />\u001b[39m\n\u001b[31m        </bpmndi:BPMNLabel>\u001b[39m\n\u001b[31m      </bpmndi:BPMNEdge>\u001b[39m\n\u001b[31m      <bpmndi:BPMNEdge id=\\\"Flow_n2_n4_di\\\" bpmnElement=\\\"Flow_n2_n4\\\">\u001b[39m\n\u001b[31m        <di:waypoint x=\\\"660\\\" y=\\\"240\\\" />\u001b[39m\n\u001b[31m        <di:waypoint x=\\\"700\\\" y=\\\"240\\\" />\u001b[39m\n\u001b[31m        <di:waypoint x=\\\"700\\\" y=\\\"295\\\" />\u001b[39m\n\u001b[31m        <di:waypoint x=\\\"740\\\" y=\\\"295\\\" />\u001b[39m\n\u001b[31m      </bpmndi:BPMNEdge>\u001b[39m\n\u001b[31m      <bpmndi:BPMNEdge id=\\\"Flow_n3_n4_di\\\" bpmnElement=\\\"Flow_n3_n4\\\">\u001b[39m\n\u001b[31m        <di:waypoint x=\\\"660\\\" y=\\\"380\\\" />\u001b[39m\n\u001b[31m        <di:waypoint x=\\\"700\\\" y=\\\"380\\\" />\u001b[39m\n\u001b[31m        <di:waypoint x=\\\"700\\\" y=\\\"295\\\" />\u001b[39m\n\u001b[31m        <di:waypoint x=\\\"740\\\" y=\\\"295\\\" />\u001b[39m\n\u001b[31m      </bpmndi:BPMNEdge>\u001b[39m\n\u001b[31m      <bpmndi:BPMNEdge id=\\\"Flow_n4_e1_di\\\" bpmnElement=\\\"Flow_n4_e1\\\">\u001b[39m\n\u001b[31m        <di:waypoint x=\\\"790\\\" y=\\\"295\\\" />\u001b[39m\n\u001b[31m        <di:waypoint x=\\\"855\\\" y=\\\"295\\\" />\u001b[39m\n\u001b[31m        <di:waypoint x=\\\"855\\\" y=\\\"218\\\" />\u001b[39m\n\u001b[31m        <di:waypoint x=\\\"920\\\" y=\\\"218\\\" />\u001b[39m\n\u001b[31m      </bpmndi:BPMNEdge>\u001b[39m\n\u001b[31m    </bpmndi:BPMNPlane>\u001b[39m\n\u001b[31m  </bpmndi:BPMNDiagram>\u001b[39m\n\u001b[31m</bpmn:definitions>\u001b[39m\n\u001b[31m\"\u001b[39m\n    at Object.toContain (C:\\Users\\Admin\\Desktop\\edu-rpa-frontend\\__test__\\json-to-bpmn-xml.util.test.ts:1364:17)\n    at Promise.then.completed (C:\\Users\\Admin\\Desktop\\edu-rpa-frontend\\node_modules\\jest-circus\\build\\utils.js:298:28)\n    at new Promise (<anonymous>)\n    at callAsyncCircusFn (C:\\Users\\Admin\\Desktop\\edu-rpa-frontend\\node_modules\\jest-circus\\build\\utils.js:231:10)\n    at _callCircusTest (C:\\Users\\Admin\\Desktop\\edu-rpa-frontend\\node_modules\\jest-circus\\build\\run.js:316:40)\n    at _runTest (C:\\Users\\Admin\\Desktop\\edu-rpa-frontend\\node_modules\\jest-circus\\build\\run.js:252:3)\n    at _runTestsForDescribeBlock (C:\\Users\\Admin\\Desktop\\edu-rpa-frontend\\node_modules\\jest-circus\\build\\run.js:126:9)\n    at _runTestsForDescribeBlock (C:\\Users\\Admin\\Desktop\\edu-rpa-frontend\\node_modules\\jest-circus\\build\\run.js:121:9)\n    at run (C:\\Users\\Admin\\Desktop\\edu-rpa-frontend\\node_modules\\jest-circus\\build\\run.js:71:3)\n    at runAndTransformResultsToJestFormat (C:\\Users\\Admin\\Desktop\\edu-rpa-frontend\\node_modules\\jest-circus\\build\\legacy-code-todo-rewrite\\jestAdapterInit.js:122:21)\n    at jestAdapter (C:\\Users\\Admin\\Desktop\\edu-rpa-frontend\\node_modules\\jest-circus\\build\\legacy-code-todo-rewrite\\jestAdapter.js:79:19)\n    at runTestInternal (C:\\Users\\Admin\\Desktop\\edu-rpa-frontend\\node_modules\\jest-runner\\build\\runTest.js:367:16)\n    at runTest (C:\\Users\\Admin\\Desktop\\edu-rpa-frontend\\node_modules\\jest-runner\\build\\runTest.js:444:34)"],"fullName":"JSON to BPMN XML - SubProcesses (Simple to Complex) should handle complex subprocess with gateway","invocations":1,"location":null,"numPassingAsserts":0,"retryReasons":[],"status":"failed","title":"should handle complex subprocess with gateway"},{"ancestorTitles":["JSON to BPMN XML - SubProcesses (Simple to Complex)"],"duration":0,"failureDetails":[{"matcherResult":{"actual":0,"expected":2,"message":"\u001b[2mexpect(\u001b[22m\u001b[31mreceived\u001b[39m\u001b[2m).\u001b[22mtoBe\u001b[2m(\u001b[22m\u001b[32mexpected\u001b[39m\u001b[2m) // Object.is equality\u001b[22m\n\nExpected: \u001b[32m2\u001b[39m\nReceived: \u001b[31m0\u001b[39m","name":"toBe","pass":false}}],"failureMessages":["Error: \u001b[2mexpect(\u001b[22m\u001b[31mreceived\u001b[39m\u001b[2m).\u001b[22mtoBe\u001b[2m(\u001b[22m\u001b[32mexpected\u001b[39m\u001b[2m) // Object.is equality\u001b[22m\n\nExpected: \u001b[32m2\u001b[39m\nReceived: \u001b[31m0\u001b[39m\n    at Object.toBe (C:\\Users\\Admin\\Desktop\\edu-rpa-frontend\\__test__\\json-to-bpmn-xml.util.test.ts:1390:29)\n    at Promise.then.completed (C:\\Users\\Admin\\Desktop\\edu-rpa-frontend\\node_modules\\jest-circus\\build\\utils.js:298:28)\n    at new Promise (<anonymous>)\n    at callAsyncCircusFn (C:\\Users\\Admin\\Desktop\\edu-rpa-frontend\\node_modules\\jest-circus\\build\\utils.js:231:10)\n    at _callCircusTest (C:\\Users\\Admin\\Desktop\\edu-rpa-frontend\\node_modules\\jest-circus\\build\\run.js:316:40)\n    at _runTest (C:\\Users\\Admin\\Desktop\\edu-rpa-frontend\\node_modules\\jest-circus\\build\\run.js:252:3)\n    at _runTestsForDescribeBlock (C:\\Users\\Admin\\Desktop\\edu-rpa-frontend\\node_modules\\jest-circus\\build\\run.js:126:9)\n    at _runTestsForDescribeBlock (C:\\Users\\Admin\\Desktop\\edu-rpa-frontend\\node_modules\\jest-circus\\build\\run.js:121:9)\n    at run (C:\\Users\\Admin\\Desktop\\edu-rpa-frontend\\node_modules\\jest-circus\\build\\run.js:71:3)\n    at runAndTransformResultsToJestFormat (C:\\Users\\Admin\\Desktop\\edu-rpa-frontend\\node_modules\\jest-circus\\build\\legacy-code-todo-rewrite\\jestAdapterInit.js:122:21)\n    at jestAdapter (C:\\Users\\Admin\\Desktop\\edu-rpa-frontend\\node_modules\\jest-circus\\build\\legacy-code-todo-rewrite\\jestAdapter.js:79:19)\n    at runTestInternal (C:\\Users\\Admin\\Desktop\\edu-rpa-frontend\\node_modules\\jest-runner\\build\\runTest.js:367:16)\n    at runTest (C:\\Users\\Admin\\Desktop\\edu-rpa-frontend\\node_modules\\jest-runner\\build\\runTest.js:444:34)"],"fullName":"JSON to BPMN XML - SubProcesses (Simple to Complex) should handle multiple separate subprocesses","invocations":1,"location":null,"numPassingAsserts":0,"retryReasons":[],"status":"failed","title":"should handle multiple separate subprocesses"}],"endTime":1773717109414,"message":"\u001b[1m\u001b[31m  \u001b[1m● \u001b[22m\u001b[1mJSON to BPMN XML - XML Generation › jsonToBpmnXml › should include process element\u001b[39m\u001b[22m\n\n    \u001b[2mexpect(\u001b[22m\u001b[31mreceived\u001b[39m\u001b[2m).\u001b[22mtoMatch\u001b[2m(\u001b[22m\u001b[32mexpected\u001b[39m\u001b[2m)\u001b[22m\n\n    Expected pattern: \u001b[32m/<bpmn:process id=\"Process_[^\"]+\" isExecutable=\"true\">/\u001b[39m\n    Received string:  \u001b[31m\"<?xml version=\\\"1.0\\\" encoding=\\\"UTF-8\\\"?>\u001b[39m\n    \u001b[31m<bpmn:definitions xmlns:xsi=\\\"http://www.w3.org/2001/XMLSchema-instance\\\" xmlns:bpmn=\\\"http://www.omg.org/spec/BPMN/20100524/MODEL\\\" xmlns:bpmndi=\\\"http://www.omg.org/spec/BPMN/20100524/DI\\\" xmlns:dc=\\\"http://www.omg.org/spec/DD/20100524/DC\\\" xmlns:di=\\\"http://www.omg.org/spec/DD/20100524/DI\\\" id=\\\"Definitions_mmu1dclb\\\" targetNamespace=\\\"http://bpmn.io/schema/bpmn\\\" exporter=\\\"bpmn-js (https://demo.bpmn.io)\\\" exporterVersion=\\\"17.0.0\\\">\u001b[39m\n    \u001b[31m  <bpmn:process id=\\\"Process_mmu1dclb\\\" isExecutable=\\\"false\\\">\u001b[39m\n    \u001b[31m    <bpmn:startEvent id=\\\"n0\\\" name=\\\"Start\\\">\u001b[39m\n    \u001b[31m      <bpmn:outgoing>Flow_n0_n1</bpmn:outgoing>\u001b[39m\n    \u001b[31m    </bpmn:startEvent>\u001b[39m\n    \u001b[31m    <bpmn:task id=\\\"n1\\\" name=\\\"Do Something\\\">\u001b[39m\n    \u001b[31m      <bpmn:incoming>Flow_n0_n1</bpmn:incoming>\u001b[39m\n    \u001b[31m      <bpmn:outgoing>Flow_n1_n2</bpmn:outgoing>\u001b[39m\n    \u001b[31m    </bpmn:task>\u001b[39m\n    \u001b[31m    <bpmn:endEvent id=\\\"n2\\\" name=\\\"End\\\">\u001b[39m\n    \u001b[31m      <bpmn:incoming>Flow_n1_n2</bpmn:incoming>\u001b[39m\n    \u001b[31m    </bpmn:endEvent>\u001b[39m\n    \u001b[31m    <bpmn:sequenceFlow id=\\\"Flow_n0_n1\\\" sourceRef=\\\"n0\\\" targetRef=\\\"n1\\\" />\u001b[39m\n    \u001b[31m    <bpmn:sequenceFlow id=\\\"Flow_n1_n2\\\" sourceRef=\\\"n1\\\" targetRef=\\\"n2\\\" />\u001b[39m\n    \u001b[31m  </bpmn:process>\u001b[39m\n    \u001b[31m  <bpmndi:BPMNDiagram id=\\\"BPMNDiagram_mmu1dclb\\\">\u001b[39m\n    \u001b[31m    <bpmndi:BPMNPlane id=\\\"BPMNPlane_mmu1dclb\\\" bpmnElement=\\\"Process_mmu1dclb\\\">\u001b[39m\n    \u001b[31m      <bpmndi:BPMNShape id=\\\"n0_di\\\" bpmnElement=\\\"n0\\\">\u001b[39m\n    \u001b[31m        <dc:Bounds x=\\\"200\\\" y=\\\"200\\\" width=\\\"36\\\" height=\\\"36\\\" />\u001b[39m\n    \u001b[31m        <bpmndi:BPMNLabel>\u001b[39m\n    \u001b[31m          <dc:Bounds x=\\\"190\\\" y=\\\"241\\\" width=\\\"56\\\" height=\\\"14\\\" />\u001b[39m\n    \u001b[31m        </bpmndi:BPMNLabel>\u001b[39m\n    \u001b[31m      </bpmndi:BPMNShape>\u001b[39m\n    \u001b[31m      <bpmndi:BPMNShape id=\\\"n1_di\\\" bpmnElement=\\\"n1\\\">\u001b[39m\n    \u001b[31m        <dc:Bounds x=\\\"380\\\" y=\\\"200\\\" width=\\\"100\\\" height=\\\"80\\\" />\u001b[39m\n    \u001b[31m      </bpmndi:BPMNShape>\u001b[39m\n    \u001b[31m      <bpmndi:BPMNShape id=\\\"n2_di\\\" bpmnElement=\\\"n2\\\">\u001b[39m\n    \u001b[31m        <dc:Bounds x=\\\"560\\\" y=\\\"200\\\" width=\\\"36\\\" height=\\\"36\\\" />\u001b[39m\n    \u001b[31m        <bpmndi:BPMNLabel>\u001b[39m\n    \u001b[31m          <dc:Bounds x=\\\"550\\\" y=\\\"241\\\" width=\\\"56\\\" height=\\\"14\\\" />\u001b[39m\n    \u001b[31m        </bpmndi:BPMNLabel>\u001b[39m\n    \u001b[31m      </bpmndi:BPMNShape>\u001b[39m\n    \u001b[31m      <bpmndi:BPMNEdge id=\\\"Flow_n0_n1_di\\\" bpmnElement=\\\"Flow_n0_n1\\\">\u001b[39m\n    \u001b[31m        <di:waypoint x=\\\"236\\\" y=\\\"218\\\" />\u001b[39m\n    \u001b[31m        <di:waypoint x=\\\"380\\\" y=\\\"240\\\" />\u001b[39m\n    \u001b[31m      </bpmndi:BPMNEdge>\u001b[39m\n    \u001b[31m      <bpmndi:BPMNEdge id=\\\"Flow_n1_n2_di\\\" bpmnElement=\\\"Flow_n1_n2\\\">\u001b[39m\n    \u001b[31m        <di:waypoint x=\\\"480\\\" y=\\\"240\\\" />\u001b[39m\n    \u001b[31m        <di:waypoint x=\\\"560\\\" y=\\\"218\\\" />\u001b[39m\n    \u001b[31m      </bpmndi:BPMNEdge>\u001b[39m\n    \u001b[31m    </bpmndi:BPMNPlane>\u001b[39m\n    \u001b[31m  </bpmndi:BPMNDiagram>\u001b[39m\n    \u001b[31m</bpmn:definitions>\u001b[39m\n    \u001b[31m\"\u001b[39m\n\u001b[2m\u001b[22m\n\u001b[2m    \u001b[0m \u001b[90m 379 |\u001b[39m       \u001b[36mconst\u001b[39m data \u001b[33m=\u001b[39m createSimpleProcess()\u001b[33m;\u001b[39m\u001b[0m\u001b[22m\n\u001b[2m    \u001b[0m \u001b[90m 380 |\u001b[39m       \u001b[36mconst\u001b[39m xml \u001b[33m=\u001b[39m jsonToBpmnXml(data)\u001b[33m;\u001b[39m\u001b[0m\u001b[22m\n\u001b[2m    \u001b[0m\u001b[31m\u001b[1m>\u001b[22m\u001b[2m\u001b[39m\u001b[90m 381 |\u001b[39m       expect(xml)\u001b[33m.\u001b[39mtoMatch(\u001b[0m\u001b[22m\n\u001b[2m    \u001b[0m \u001b[90m     |\u001b[39m                   \u001b[31m\u001b[1m^\u001b[22m\u001b[2m\u001b[39m\u001b[0m\u001b[22m\n\u001b[2m    \u001b[0m \u001b[90m 382 |\u001b[39m         \u001b[35m/<bpmn:process id=\"Process_[^\"]+\" isExecutable=\"true\">/\u001b[39m\u001b[0m\u001b[22m\n\u001b[2m    \u001b[0m \u001b[90m 383 |\u001b[39m       )\u001b[33m;\u001b[39m\u001b[0m\u001b[22m\n\u001b[2m    \u001b[0m \u001b[90m 384 |\u001b[39m     })\u001b[33m;\u001b[39m\u001b[0m\u001b[22m\n\u001b[2m\u001b[22m\n\u001b[2m      \u001b[2mat Object.toMatch (\u001b[22m\u001b[2m\u001b[0m\u001b[36m__test__/json-to-bpmn-xml.util.test.ts\u001b[39m\u001b[0m\u001b[2m:381:19)\u001b[22m\u001b[2m\u001b[22m\n\n\u001b[1m\u001b[31m  \u001b[1m● \u001b[22m\u001b[1mJSON to BPMN XML - SubProcesses (Simple to Complex) › should handle simple subprocess\u001b[39m\u001b[22m\n\n    \u001b[2mexpect(\u001b[22m\u001b[31mreceived\u001b[39m\u001b[2m).\u001b[22mtoContain\u001b[2m(\u001b[22m\u001b[32mexpected\u001b[39m\u001b[2m) // indexOf\u001b[22m\n\n    Expected substring: \u001b[32m\"<bpmn:subProcess\"\u001b[39m\n    Received string:    \u001b[31m\"<?xml version=\\\"1.0\\\" encoding=\\\"UTF-8\\\"?>\u001b[39m\n    \u001b[31m<bpmn:definitions xmlns:xsi=\\\"http://www.w3.org/2001/XMLSchema-instance\\\" xmlns:bpmn=\\\"http://www.omg.org/spec/BPMN/20100524/MODEL\\\" xmlns:bpmndi=\\\"http://www.omg.org/spec/BPMN/20100524/DI\\\" xmlns:dc=\\\"http://www.omg.org/spec/DD/20100524/DC\\\" xmlns:di=\\\"http://www.omg.org/spec/DD/20100524/DI\\\" id=\\\"Definitions_mmu1dco7\\\" targetNamespace=\\\"http://bpmn.io/schema/bpmn\\\" exporter=\\\"bpmn-js (https://demo.bpmn.io)\\\" exporterVersion=\\\"17.0.0\\\">\u001b[39m\n    \u001b[31m  <bpmn:process id=\\\"Process_mmu1dco7\\\" isExecutable=\\\"false\\\">\u001b[39m\n    \u001b[31m    <bpmn:startEvent id=\\\"s1\\\" name=\\\"Start\\\">\u001b[39m\n    \u001b[31m      <bpmn:outgoing>Flow_s1_n1</bpmn:outgoing>\u001b[39m\n    \u001b[31m    </bpmn:startEvent>\u001b[39m\n    \u001b[31m    <bpmn:task id=\\\"n1\\\" name=\\\"Task 1\\\">\u001b[39m\n    \u001b[31m      <bpmn:incoming>Flow_s1_n1</bpmn:incoming>\u001b[39m\n    \u001b[31m      <bpmn:outgoing>Flow_n1_e1</bpmn:outgoing>\u001b[39m\n    \u001b[31m    </bpmn:task>\u001b[39m\n    \u001b[31m    <bpmn:endEvent id=\\\"e1\\\" name=\\\"End\\\">\u001b[39m\n    \u001b[31m      <bpmn:incoming>Flow_n1_e1</bpmn:incoming>\u001b[39m\n    \u001b[31m    </bpmn:endEvent>\u001b[39m\n    \u001b[31m    <bpmn:sequenceFlow id=\\\"Flow_s1_n1\\\" sourceRef=\\\"s1\\\" targetRef=\\\"n1\\\" />\u001b[39m\n    \u001b[31m    <bpmn:sequenceFlow id=\\\"Flow_n1_e1\\\" sourceRef=\\\"n1\\\" targetRef=\\\"e1\\\" />\u001b[39m\n    \u001b[31m  </bpmn:process>\u001b[39m\n    \u001b[31m  <bpmndi:BPMNDiagram id=\\\"BPMNDiagram_mmu1dco7\\\">\u001b[39m\n    \u001b[31m    <bpmndi:BPMNPlane id=\\\"BPMNPlane_mmu1dco7\\\" bpmnElement=\\\"Process_mmu1dco7\\\">\u001b[39m\n    \u001b[31m      <bpmndi:BPMNShape id=\\\"s1_di\\\" bpmnElement=\\\"s1\\\">\u001b[39m\n    \u001b[31m        <dc:Bounds x=\\\"200\\\" y=\\\"200\\\" width=\\\"36\\\" height=\\\"36\\\" />\u001b[39m\n    \u001b[31m        <bpmndi:BPMNLabel>\u001b[39m\n    \u001b[31m          <dc:Bounds x=\\\"190\\\" y=\\\"241\\\" width=\\\"56\\\" height=\\\"14\\\" />\u001b[39m\n    \u001b[31m        </bpmndi:BPMNLabel>\u001b[39m\n    \u001b[31m      </bpmndi:BPMNShape>\u001b[39m\n    \u001b[31m      <bpmndi:BPMNShape id=\\\"n1_di\\\" bpmnElement=\\\"n1\\\">\u001b[39m\n    \u001b[31m        <dc:Bounds x=\\\"380\\\" y=\\\"200\\\" width=\\\"100\\\" height=\\\"80\\\" />\u001b[39m\n    \u001b[31m      </bpmndi:BPMNShape>\u001b[39m\n    \u001b[31m      <bpmndi:BPMNShape id=\\\"e1_di\\\" bpmnElement=\\\"e1\\\">\u001b[39m\n    \u001b[31m        <dc:Bounds x=\\\"560\\\" y=\\\"200\\\" width=\\\"36\\\" height=\\\"36\\\" />\u001b[39m\n    \u001b[31m        <bpmndi:BPMNLabel>\u001b[39m\n    \u001b[31m          <dc:Bounds x=\\\"550\\\" y=\\\"241\\\" width=\\\"56\\\" height=\\\"14\\\" />\u001b[39m\n    \u001b[31m        </bpmndi:BPMNLabel>\u001b[39m\n    \u001b[31m      </bpmndi:BPMNShape>\u001b[39m\n    \u001b[31m      <bpmndi:BPMNEdge id=\\\"Flow_s1_n1_di\\\" bpmnElement=\\\"Flow_s1_n1\\\">\u001b[39m\n    \u001b[31m        <di:waypoint x=\\\"236\\\" y=\\\"218\\\" />\u001b[39m\n    \u001b[31m        <di:waypoint x=\\\"380\\\" y=\\\"240\\\" />\u001b[39m\n    \u001b[31m      </bpmndi:BPMNEdge>\u001b[39m\n    \u001b[31m      <bpmndi:BPMNEdge id=\\\"Flow_n1_e1_di\\\" bpmnElement=\\\"Flow_n1_e1\\\">\u001b[39m\n    \u001b[31m        <di:waypoint x=\\\"480\\\" y=\\\"240\\\" />\u001b[39m\n    \u001b[31m        <di:waypoint x=\\\"560\\\" y=\\\"218\\\" />\u001b[39m\n    \u001b[31m      </bpmndi:BPMNEdge>\u001b[39m\n    \u001b[31m    </bpmndi:BPMNPlane>\u001b[39m\n    \u001b[31m  </bpmndi:BPMNDiagram>\u001b[39m\n    \u001b[31m</bpmn:definitions>\u001b[39m\n    \u001b[31m\"\u001b[39m\n\u001b[2m\u001b[22m\n\u001b[2m    \u001b[0m \u001b[90m 1336 |\u001b[39m     }\u001b[33m;\u001b[39m\u001b[0m\u001b[22m\n\u001b[2m    \u001b[0m \u001b[90m 1337 |\u001b[39m     \u001b[36mconst\u001b[39m xml \u001b[33m=\u001b[39m jsonToBpmnXml(data)\u001b[33m;\u001b[39m\u001b[0m\u001b[22m\n\u001b[2m    \u001b[0m\u001b[31m\u001b[1m>\u001b[22m\u001b[2m\u001b[39m\u001b[90m 1338 |\u001b[39m     expect(xml)\u001b[33m.\u001b[39mtoContain(\u001b[32m\"<bpmn:subProcess\"\u001b[39m)\u001b[33m;\u001b[39m\u001b[0m\u001b[22m\n\u001b[2m    \u001b[0m \u001b[90m      |\u001b[39m                 \u001b[31m\u001b[1m^\u001b[22m\u001b[2m\u001b[39m\u001b[0m\u001b[22m\n\u001b[2m    \u001b[0m \u001b[90m 1339 |\u001b[39m     expect(xml)\u001b[33m.\u001b[39mtoContain(\u001b[32m\"Task 1\"\u001b[39m)\u001b[33m;\u001b[39m\u001b[0m\u001b[22m\n\u001b[2m    \u001b[0m \u001b[90m 1340 |\u001b[39m   })\u001b[33m;\u001b[39m\u001b[0m\u001b[22m\n\u001b[2m    \u001b[0m \u001b[90m 1341 |\u001b[39m\u001b[0m\u001b[22m\n\u001b[2m\u001b[22m\n\u001b[2m      \u001b[2mat Object.toContain (\u001b[22m\u001b[2m\u001b[0m\u001b[36m__test__/json-to-bpmn-xml.util.test.ts\u001b[39m\u001b[0m\u001b[2m:1338:17)\u001b[22m\u001b[2m\u001b[22m\n\n\u001b[1m\u001b[31m  \u001b[1m● \u001b[22m\u001b[1mJSON to BPMN XML - SubProcesses (Simple to Complex) › should handle complex subprocess with gateway\u001b[39m\u001b[22m\n\n    \u001b[2mexpect(\u001b[22m\u001b[31mreceived\u001b[39m\u001b[2m).\u001b[22mtoContain\u001b[2m(\u001b[22m\u001b[32mexpected\u001b[39m\u001b[2m) // indexOf\u001b[22m\n\n    Expected substring: \u001b[32m\"<bpmn:subProcess\"\u001b[39m\n    Received string:    \u001b[31m\"<?xml version=\\\"1.0\\\" encoding=\\\"UTF-8\\\"?>\u001b[39m\n    \u001b[31m<bpmn:definitions xmlns:xsi=\\\"http://www.w3.org/2001/XMLSchema-instance\\\" xmlns:bpmn=\\\"http://www.omg.org/spec/BPMN/20100524/MODEL\\\" xmlns:bpmndi=\\\"http://www.omg.org/spec/BPMN/20100524/DI\\\" xmlns:dc=\\\"http://www.omg.org/spec/DD/20100524/DC\\\" xmlns:di=\\\"http://www.omg.org/spec/DD/20100524/DI\\\" id=\\\"Definitions_mmu1dco8\\\" targetNamespace=\\\"http://bpmn.io/schema/bpmn\\\" exporter=\\\"bpmn-js (https://demo.bpmn.io)\\\" exporterVersion=\\\"17.0.0\\\">\u001b[39m\n    \u001b[31m  <bpmn:process id=\\\"Process_mmu1dco8\\\" isExecutable=\\\"false\\\">\u001b[39m\n    \u001b[31m    <bpmn:startEvent id=\\\"s1\\\" name=\\\"Start\\\">\u001b[39m\n    \u001b[31m      <bpmn:outgoing>Flow_s1_n1</bpmn:outgoing>\u001b[39m\n    \u001b[31m    </bpmn:startEvent>\u001b[39m\n    \u001b[31m    <bpmn:exclusiveGateway id=\\\"n1\\\" name=\\\"Decision\\\">\u001b[39m\n    \u001b[31m      <bpmn:incoming>Flow_s1_n1</bpmn:incoming>\u001b[39m\n    \u001b[31m      <bpmn:outgoing>Flow_n1_n2</bpmn:outgoing>\u001b[39m\n    \u001b[31m      <bpmn:outgoing>Flow_n1_n3</bpmn:outgoing>\u001b[39m\n    \u001b[31m    </bpmn:exclusiveGateway>\u001b[39m\n    \u001b[31m    <bpmn:task id=\\\"n2\\\" name=\\\"Path A\\\">\u001b[39m\n    \u001b[31m      <bpmn:incoming>Flow_n1_n2</bpmn:incoming>\u001b[39m\n    \u001b[31m      <bpmn:outgoing>Flow_n2_n4</bpmn:outgoing>\u001b[39m\n    \u001b[31m    </bpmn:task>\u001b[39m\n    \u001b[31m    <bpmn:task id=\\\"n3\\\" name=\\\"Path B\\\">\u001b[39m\n    \u001b[31m      <bpmn:incoming>Flow_n1_n3</bpmn:incoming>\u001b[39m\n    \u001b[31m      <bpmn:outgoing>Flow_n3_n4</bpmn:outgoing>\u001b[39m\n    \u001b[31m    </bpmn:task>\u001b[39m\n    \u001b[31m    <bpmn:exclusiveGateway id=\\\"n4\\\" name=\\\"Join\\\">\u001b[39m\n    \u001b[31m      <bpmn:incoming>Flow_n2_n4</bpmn:incoming>\u001b[39m\n    \u001b[31m      <bpmn:incoming>Flow_n3_n4</bpmn:incoming>\u001b[39m\n    \u001b[31m      <bpmn:outgoing>Flow_n4_e1</bpmn:outgoing>\u001b[39m\n    \u001b[31m    </bpmn:exclusiveGateway>\u001b[39m\n    \u001b[31m    <bpmn:endEvent id=\\\"e1\\\" name=\\\"End\\\">\u001b[39m\n    \u001b[31m      <bpmn:incoming>Flow_n4_e1</bpmn:incoming>\u001b[39m\n    \u001b[31m    </bpmn:endEvent>\u001b[39m\n    \u001b[31m    <bpmn:sequenceFlow id=\\\"Flow_s1_n1\\\" sourceRef=\\\"s1\\\" targetRef=\\\"n1\\\" />\u001b[39m\n    \u001b[31m    <bpmn:sequenceFlow id=\\\"Flow_n1_n2\\\" sourceRef=\\\"n1\\\" targetRef=\\\"n2\\\" name=\\\"Yes\\\">\u001b[39m\n    \u001b[31m      <bpmn:conditionExpression xsi:type=\\\"bpmn:tFormalExpression\\\">Yes</bpmn:conditionExpression>\u001b[39m\n    \u001b[31m    </bpmn:sequenceFlow>\u001b[39m\n    \u001b[31m    <bpmn:sequenceFlow id=\\\"Flow_n1_n3\\\" sourceRef=\\\"n1\\\" targetRef=\\\"n3\\\" name=\\\"No\\\">\u001b[39m\n    \u001b[31m      <bpmn:conditionExpression xsi:type=\\\"bpmn:tFormalExpression\\\">No</bpmn:conditionExpression>\u001b[39m\n    \u001b[31m    </bpmn:sequenceFlow>\u001b[39m\n    \u001b[31m    <bpmn:sequenceFlow id=\\\"Flow_n2_n4\\\" sourceRef=\\\"n2\\\" targetRef=\\\"n4\\\" />\u001b[39m\n    \u001b[31m    <bpmn:sequenceFlow id=\\\"Flow_n3_n4\\\" sourceRef=\\\"n3\\\" targetRef=\\\"n4\\\" />\u001b[39m\n    \u001b[31m    <bpmn:sequenceFlow id=\\\"Flow_n4_e1\\\" sourceRef=\\\"n4\\\" targetRef=\\\"e1\\\" />\u001b[39m\n    \u001b[31m  </bpmn:process>\u001b[39m\n    \u001b[31m  <bpmndi:BPMNDiagram id=\\\"BPMNDiagram_mmu1dco8\\\">\u001b[39m\n    \u001b[31m    <bpmndi:BPMNPlane id=\\\"BPMNPlane_mmu1dco8\\\" bpmnElement=\\\"Process_mmu1dco8\\\">\u001b[39m\n    \u001b[31m      <bpmndi:BPMNShape id=\\\"s1_di\\\" bpmnElement=\\\"s1\\\">\u001b[39m\n    \u001b[31m        <dc:Bounds x=\\\"200\\\" y=\\\"200\\\" width=\\\"36\\\" height=\\\"36\\\" />\u001b[39m\n    \u001b[31m        <bpmndi:BPMNLabel>\u001b[39m\n    \u001b[31m          <dc:Bounds x=\\\"190\\\" y=\\\"241\\\" width=\\\"56\\\" height=\\\"14\\\" />\u001b[39m\n    \u001b[31m        </bpmndi:BPMNLabel>\u001b[39m\n    \u001b[31m      </bpmndi:BPMNShape>\u001b[39m\n    \u001b[31m      <bpmndi:BPMNShape id=\\\"n1_di\\\" bpmnElement=\\\"n1\\\">\u001b[39m\n    \u001b[31m        <dc:Bounds x=\\\"380\\\" y=\\\"200\\\" width=\\\"50\\\" height=\\\"50\\\" />\u001b[39m\n    \u001b[31m        <bpmndi:BPMNLabel>\u001b[39m\n    \u001b[31m          <dc:Bounds x=\\\"370\\\" y=\\\"255\\\" width=\\\"70\\\" height=\\\"14\\\" />\u001b[39m\n    \u001b[31m        </bpmndi:BPMNLabel>\u001b[39m\n    \u001b[31m      </bpmndi:BPMNShape>\u001b[39m\n    \u001b[31m      <bpmndi:BPMNShape id=\\\"n2_di\\\" bpmnElement=\\\"n2\\\">\u001b[39m\n    \u001b[31m        <dc:Bounds x=\\\"560\\\" y=\\\"200\\\" width=\\\"100\\\" height=\\\"80\\\" />\u001b[39m\n    \u001b[31m      </bpmndi:BPMNShape>\u001b[39m\n    \u001b[31m      <bpmndi:BPMNShape id=\\\"n3_di\\\" bpmnElement=\\\"n3\\\">\u001b[39m\n    \u001b[31m        <dc:Bounds x=\\\"560\\\" y=\\\"340\\\" width=\\\"100\\\" height=\\\"80\\\" />\u001b[39m\n    \u001b[31m      </bpmndi:BPMNShape>\u001b[39m\n    \u001b[31m      <bpmndi:BPMNShape id=\\\"n4_di\\\" bpmnElement=\\\"n4\\\">\u001b[39m\n    \u001b[31m        <dc:Bounds x=\\\"740\\\" y=\\\"270\\\" width=\\\"50\\\" height=\\\"50\\\" />\u001b[39m\n    \u001b[31m        <bpmndi:BPMNLabel>\u001b[39m\n    \u001b[31m          <dc:Bounds x=\\\"730\\\" y=\\\"325\\\" width=\\\"70\\\" height=\\\"14\\\" />\u001b[39m\n    \u001b[31m        </bpmndi:BPMNLabel>\u001b[39m\n    \u001b[31m      </bpmndi:BPMNShape>\u001b[39m\n    \u001b[31m      <bpmndi:BPMNShape id=\\\"e1_di\\\" bpmnElement=\\\"e1\\\">\u001b[39m\n    \u001b[31m        <dc:Bounds x=\\\"920\\\" y=\\\"200\\\" width=\\\"36\\\" height=\\\"36\\\" />\u001b[39m\n    \u001b[31m        <bpmndi:BPMNLabel>\u001b[39m\n    \u001b[31m          <dc:Bounds x=\\\"910\\\" y=\\\"241\\\" width=\\\"56\\\" height=\\\"14\\\" />\u001b[39m\n    \u001b[31m        </bpmndi:BPMNLabel>\u001b[39m\n    \u001b[31m      </bpmndi:BPMNShape>\u001b[39m\n    \u001b[31m      <bpmndi:BPMNEdge id=\\\"Flow_s1_n1_di\\\" bpmnElement=\\\"Flow_s1_n1\\\">\u001b[39m\n    \u001b[31m        <di:waypoint x=\\\"236\\\" y=\\\"218\\\" />\u001b[39m\n    \u001b[31m        <di:waypoint x=\\\"380\\\" y=\\\"225\\\" />\u001b[39m\n    \u001b[31m      </bpmndi:BPMNEdge>\u001b[39m\n    \u001b[31m      <bpmndi:BPMNEdge id=\\\"Flow_n1_n2_di\\\" bpmnElement=\\\"Flow_n1_n2\\\">\u001b[39m\n    \u001b[31m        <di:waypoint x=\\\"430\\\" y=\\\"225\\\" />\u001b[39m\n    \u001b[31m        <di:waypoint x=\\\"560\\\" y=\\\"240\\\" />\u001b[39m\n    \u001b[31m        <bpmndi:BPMNLabel>\u001b[39m\n    \u001b[31m          <dc:Bounds x=\\\"495\\\" y=\\\"218\\\" width=\\\"40\\\" height=\\\"14\\\" />\u001b[39m\n    \u001b[31m        </bpmndi:BPMNLabel>\u001b[39m\n    \u001b[31m      </bpmndi:BPMNEdge>\u001b[39m\n    \u001b[31m      <bpmndi:BPMNEdge id=\\\"Flow_n1_n3_di\\\" bpmnElement=\\\"Flow_n1_n3\\\">\u001b[39m\n    \u001b[31m        <di:waypoint x=\\\"430\\\" y=\\\"225\\\" />\u001b[39m\n    \u001b[31m        <di:waypoint x=\\\"470\\\" y=\\\"225\\\" />\u001b[39m\n    \u001b[31m        <di:waypoint x=\\\"470\\\" y=\\\"380\\\" />\u001b[39m\n    \u001b[31m        <di:waypoint x=\\\"560\\\" y=\\\"380\\\" />\u001b[39m\n    \u001b[31m        <bpmndi:BPMNLabel>\u001b[39m\n    \u001b[31m          <dc:Bounds x=\\\"495\\\" y=\\\"288\\\" width=\\\"40\\\" height=\\\"14\\\" />\u001b[39m\n    \u001b[31m        </bpmndi:BPMNLabel>\u001b[39m\n    \u001b[31m      </bpmndi:BPMNEdge>\u001b[39m\n    \u001b[31m      <bpmndi:BPMNEdge id=\\\"Flow_n2_n4_di\\\" bpmnElement=\\\"Flow_n2_n4\\\">\u001b[39m\n    \u001b[31m        <di:waypoint x=\\\"660\\\" y=\\\"240\\\" />\u001b[39m\n    \u001b[31m        <di:waypoint x=\\\"700\\\" y=\\\"240\\\" />\u001b[39m\n    \u001b[31m        <di:waypoint x=\\\"700\\\" y=\\\"295\\\" />\u001b[39m\n    \u001b[31m        <di:waypoint x=\\\"740\\\" y=\\\"295\\\" />\u001b[39m\n    \u001b[31m      </bpmndi:BPMNEdge>\u001b[39m\n    \u001b[31m      <bpmndi:BPMNEdge id=\\\"Flow_n3_n4_di\\\" bpmnElement=\\\"Flow_n3_n4\\\">\u001b[39m\n    \u001b[31m        <di:waypoint x=\\\"660\\\" y=\\\"380\\\" />\u001b[39m\n    \u001b[31m        <di:waypoint x=\\\"700\\\" y=\\\"380\\\" />\u001b[39m\n    \u001b[31m        <di:waypoint x=\\\"700\\\" y=\\\"295\\\" />\u001b[39m\n    \u001b[31m        <di:waypoint x=\\\"740\\\" y=\\\"295\\\" />\u001b[39m\n    \u001b[31m      </bpmndi:BPMNEdge>\u001b[39m\n    \u001b[31m      <bpmndi:BPMNEdge id=\\\"Flow_n4_e1_di\\\" bpmnElement=\\\"Flow_n4_e1\\\">\u001b[39m\n    \u001b[31m        <di:waypoint x=\\\"790\\\" y=\\\"295\\\" />\u001b[39m\n    \u001b[31m        <di:waypoint x=\\\"855\\\" y=\\\"295\\\" />\u001b[39m\n    \u001b[31m        <di:waypoint x=\\\"855\\\" y=\\\"218\\\" />\u001b[39m\n    \u001b[31m        <di:waypoint x=\\\"920\\\" y=\\\"218\\\" />\u001b[39m\n    \u001b[31m      </bpmndi:BPMNEdge>\u001b[39m\n    \u001b[31m    </bpmndi:BPMNPlane>\u001b[39m\n    \u001b[31m  </bpmndi:BPMNDiagram>\u001b[39m\n    \u001b[31m</bpmn:definitions>\u001b[39m\n    \u001b[31m\"\u001b[39m\n\u001b[2m\u001b[22m\n\u001b[2m    \u001b[0m \u001b[90m 1362 |\u001b[39m     }\u001b[33m;\u001b[39m\u001b[0m\u001b[22m\n\u001b[2m    \u001b[0m \u001b[90m 1363 |\u001b[39m     \u001b[36mconst\u001b[39m xml \u001b[33m=\u001b[39m jsonToBpmnXml(data)\u001b[33m;\u001b[39m\u001b[0m\u001b[22m\n\u001b[2m    \u001b[0m\u001b[31m\u001b[1m>\u001b[22m\u001b[2m\u001b[39m\u001b[90m 1364 |\u001b[39m     expect(xml)\u001b[33m.\u001b[39mtoContain(\u001b[32m\"<bpmn:subProcess\"\u001b[39m)\u001b[33m;\u001b[39m\u001b[0m\u001b[22m\n\u001b[2m    \u001b[0m \u001b[90m      |\u001b[39m                 \u001b[31m\u001b[1m^\u001b[22m\u001b[2m\u001b[39m\u001b[0m\u001b[22m\n\u001b[2m    \u001b[0m \u001b[90m 1365 |\u001b[39m     expect(xml)\u001b[33m.\u001b[39mtoContain(\u001b[32m\"Path A\"\u001b[39m)\u001b[33m;\u001b[39m\u001b[0m\u001b[22m\n\u001b[2m    \u001b[0m \u001b[90m 1366 |\u001b[39m     expect(xml)\u001b[33m.\u001b[39mtoContain(\u001b[32m\"Path B\"\u001b[39m)\u001b[33m;\u001b[39m\u001b[0m\u001b[22m\n\u001b[2m    \u001b[0m \u001b[90m 1367 |\u001b[39m     expect(xml)\u001b[33m.\u001b[39mtoContain(\u001b[32m\">Yes</bpmn:conditionExpression>\"\u001b[39m)\u001b[33m;\u001b[39m\u001b[0m\u001b[22m\n\u001b[2m\u001b[22m\n\u001b[2m      \u001b[2mat Object.toContain (\u001b[22m\u001b[2m\u001b[0m\u001b[36m__test__/json-to-bpmn-xml.util.test.ts\u001b[39m\u001b[0m\u001b[2m:1364:17)\u001b[22m\u001b[2m\u001b[22m\n\n\u001b[1m\u001b[31m  \u001b[1m● \u001b[22m\u001b[1mJSON to BPMN XML - SubProcesses (Simple to Complex) › should handle multiple separate subprocesses\u001b[39m\u001b[22m\n\n    \u001b[2mexpect(\u001b[22m\u001b[31mreceived\u001b[39m\u001b[2m).\u001b[22mtoBe\u001b[2m(\u001b[22m\u001b[32mexpected\u001b[39m\u001b[2m) // Object.is equality\u001b[22m\n\n    Expected: \u001b[32m2\u001b[39m\n    Received: \u001b[31m0\u001b[39m\n\u001b[2m\u001b[22m\n\u001b[2m    \u001b[0m \u001b[90m 1388 |\u001b[39m     \u001b[36mconst\u001b[39m xml \u001b[33m=\u001b[39m jsonToBpmnXml(data)\u001b[33m;\u001b[39m\u001b[0m\u001b[22m\n\u001b[2m    \u001b[0m \u001b[90m 1389 |\u001b[39m     \u001b[36mconst\u001b[39m subProcessCount \u001b[33m=\u001b[39m (xml\u001b[33m.\u001b[39mmatch(\u001b[35m/<bpmn:subProcess/g\u001b[39m) \u001b[33m||\u001b[39m [])\u001b[33m.\u001b[39mlength\u001b[33m;\u001b[39m\u001b[0m\u001b[22m\n\u001b[2m    \u001b[0m\u001b[31m\u001b[1m>\u001b[22m\u001b[2m\u001b[39m\u001b[90m 1390 |\u001b[39m     expect(subProcessCount)\u001b[33m.\u001b[39mtoBe(\u001b[35m2\u001b[39m)\u001b[33m;\u001b[39m\u001b[0m\u001b[22m\n\u001b[2m    \u001b[0m \u001b[90m      |\u001b[39m                             \u001b[31m\u001b[1m^\u001b[22m\u001b[2m\u001b[39m\u001b[0m\u001b[22m\n\u001b[2m    \u001b[0m \u001b[90m 1391 |\u001b[39m   })\u001b[33m;\u001b[39m\u001b[0m\u001b[22m\n\u001b[2m    \u001b[0m \u001b[90m 1392 |\u001b[39m })\u001b[33m;\u001b[39m\u001b[0m\u001b[22m\n\u001b[2m    \u001b[0m \u001b[90m 1393 |\u001b[39m\u001b[0m\u001b[22m\n\u001b[2m\u001b[22m\n\u001b[2m      \u001b[2mat Object.toBe (\u001b[22m\u001b[2m\u001b[0m\u001b[36m__test__/json-to-bpmn-xml.util.test.ts\u001b[39m\u001b[0m\u001b[2m:1390:29)\u001b[22m\u001b[2m\u001b[22m\n","name":"C:\\Users\\Admin\\Desktop\\edu-rpa-frontend\\__test__\\json-to-bpmn-xml.util.test.ts","startTime":1773717108954,"status":"failed","summary":""}],"wasInterrupted":false}
